#
# There is insufficient memory for the Java Runtime Environment to continue.
# Native memory allocation (malloc) failed to allocate 35696 bytes. Error detail: Chunk::new
# Possible reasons:
#   The system is out of physical RAM or swap space
#   This process is running with CompressedOops enabled, and the Java Heap may be blocking the growth of the native heap
# Possible solutions:
#   Reduce memory load on the system
#   Increase physical memory or swap space
#   Check if swap backing store is full
#   Decrease Java heap size (-Xmx/-Xms)
#   Decrease number of Java threads
#   Decrease Java thread stack sizes (-Xss)
#   Set larger code cache with -XX:ReservedCodeCacheSize=
#   JVM is running with Unscaled Compressed Oops mode in which the Java heap is
#     placed in the first 4GB address space. The Java Heap base address is the
#     maximum limit for the native heap growth. Please use -XX:HeapBaseMinAddress
#     to set the Java Heap base and to place the Java Heap above 4GB virtual address.
# This output file may be truncated or incomplete.
#
#  Out of Memory Error (arena.cpp:168), pid=29880, tid=16268
#
# JRE version: OpenJDK Runtime Environment (21.0.10) (build 21.0.10+-14961533-b1163.108)
# Java VM: OpenJDK 64-Bit Server VM (21.0.10+-14961533-b1163.108, mixed mode, tiered, compressed oops, compressed class ptrs, g1 gc, windows-amd64)
# No core dump will be written. Minidumps are not enabled by default on client versions of Windows
#

---------------  S U M M A R Y ------------

Command Line: -Xmx64m -Xms64m -Dorg.gradle.appname=gradlew D:\GitHub\next13-ecommerce-admin\mobile\android\\gradle\wrapper\gradle-wrapper.jar assembleDebug assembleAndroidTest -DtestBuildType=debug

Host: Intel(R) Core(TM) i5-8265U CPU @ 1.60GHz, 8 cores, 15G,  Windows 11 , 64 bit Build 26100 (10.0.26100.8246)
Time: Sun May 10 06:47:38 2026 India Standard Time elapsed time: 197.999343 seconds (0d 0h 3m 17s)

---------------  T H R E A D  ---------------

Current thread (0x000002b6c501c030):  JavaThread "C2 CompilerThread0" daemon [_thread_in_native, id=16268, stack(0x000000bf4f700000,0x000000bf4f800000) (1024K)]


Current CompileTask:
C2:197999 2432       4       org.gradle.internal.logging.sink.GroupingProgressLogEventGenerator::onUpdateNow (54 bytes)

Stack: [0x000000bf4f700000,0x000000bf4f800000]
Native frames: (J=compiled Java code, j=interpreted, Vv=VM code, C=native code)
V  [jvm.dll+0x6d78a9]
V  [jvm.dll+0x8665b3]
V  [jvm.dll+0x868bde]
V  [jvm.dll+0x8692c3]
V  [jvm.dll+0x280ee6]
V  [jvm.dll+0xc07cd]
V  [jvm.dll+0xc0d03]
V  [jvm.dll+0x3ba091]
V  [jvm.dll+0x1dfe64]
V  [jvm.dll+0x249d24]
V  [jvm.dll+0x2491a1]
V  [jvm.dll+0x1c76e4]
V  [jvm.dll+0x25891e]
V  [jvm.dll+0x256e66]
V  [jvm.dll+0x3f513e]
V  [jvm.dll+0x80fd28]
V  [jvm.dll+0x6d60fd]
C  [ucrtbase.dll+0x37b0]
C  [KERNEL32.DLL+0x2e8d7]
C  [ntdll.dll+0x8c3fc]


---------------  P R O C E S S  ---------------

Threads class SMR info:
_java_thread_list=0x000002b6c0dbb160, length=12, elements={
0x000002b6a98e02d0, 0x000002b6c0d936b0, 0x000002b6c0dbcd00, 0x000002b6c0dce140,
0x000002b6c500bc00, 0x000002b6c500d670, 0x000002b6c500fbd0, 0x000002b6c5010630,
0x000002b6c501c030, 0x000002b6c50206d0, 0x000002b6c51bd000, 0x000002b6c57458f0
}

Java Threads: ( => current thread )
  0x000002b6a98e02d0 JavaThread "main"                              [_thread_in_native, id=8584, stack(0x000000bf4e800000,0x000000bf4e900000) (1024K)]
  0x000002b6c0d936b0 JavaThread "Common-Cleaner"             daemon [_thread_blocked, id=632, stack(0x000000bf4f000000,0x000000bf4f100000) (1024K)]
  0x000002b6c0dbcd00 JavaThread "Reference Handler"          daemon [_thread_blocked, id=16508, stack(0x000000bf4f100000,0x000000bf4f200000) (1024K)]
  0x000002b6c0dce140 JavaThread "Finalizer"                  daemon [_thread_blocked, id=19552, stack(0x000000bf4f200000,0x000000bf4f300000) (1024K)]
  0x000002b6c500bc00 JavaThread "Signal Dispatcher"          daemon [_thread_blocked, id=16168, stack(0x000000bf4f300000,0x000000bf4f400000) (1024K)]
  0x000002b6c500d670 JavaThread "Attach Listener"            daemon [_thread_blocked, id=23652, stack(0x000000bf4f400000,0x000000bf4f500000) (1024K)]
  0x000002b6c500fbd0 JavaThread "Service Thread"             daemon [_thread_blocked, id=15960, stack(0x000000bf4f500000,0x000000bf4f600000) (1024K)]
  0x000002b6c5010630 JavaThread "Monitor Deflation Thread"   daemon [_thread_blocked, id=2468, stack(0x000000bf4f600000,0x000000bf4f700000) (1024K)]
=>0x000002b6c501c030 JavaThread "C2 CompilerThread0"         daemon [_thread_in_native, id=16268, stack(0x000000bf4f700000,0x000000bf4f800000) (1024K)]
  0x000002b6c50206d0 JavaThread "C1 CompilerThread0"         daemon [_thread_blocked, id=19928, stack(0x000000bf4f800000,0x000000bf4f900000) (1024K)]
  0x000002b6c51bd000 JavaThread "Notification Thread"        daemon [_thread_blocked, id=29068, stack(0x000000bf4f900000,0x000000bf4fa00000) (1024K)]
  0x000002b6c57458f0 JavaThread "pool-1-thread-1"                   [_thread_blocked, id=10868, stack(0x000000bf4ff00000,0x000000bf50000000) (1024K)]
Total: 12

Other Threads:
  0x000002b6c0d346a0 VMThread "VM Thread"                           [id=16776, stack(0x000000bf4ef00000,0x000000bf4f000000) (1024K)]
  0x000002b6abe56cd0 WatcherThread "VM Periodic Task Thread"        [id=24204, stack(0x000000bf4ee00000,0x000000bf4ef00000) (1024K)]
  0x000002b6abdd1bc0 WorkerThread "GC Thread#0"                     [id=3732, stack(0x000000bf4e900000,0x000000bf4ea00000) (1024K)]
  0x000002b6c5846b30 WorkerThread "GC Thread#1"                     [id=31460, stack(0x000000bf4fb00000,0x000000bf4fc00000) (1024K)]
  0x000002b6c5886a40 WorkerThread "GC Thread#2"                     [id=18844, stack(0x000000bf4fc00000,0x000000bf4fd00000) (1024K)]
  0x000002b6c5886df0 WorkerThread "GC Thread#3"                     [id=11244, stack(0x000000bf4fd00000,0x000000bf4fe00000) (1024K)]
  0x000002b6c6249920 WorkerThread "GC Thread#4"                     [id=24804, stack(0x000000bf4fa00000,0x000000bf4fb00000) (1024K)]
  0x000002b6c624a0e0 WorkerThread "GC Thread#5"                     [id=23780, stack(0x000000bf4fe00000,0x000000bf4ff00000) (1024K)]
  0x000002b6c57715b0 WorkerThread "GC Thread#6"                     [id=27520, stack(0x000000bf4e500000,0x000000bf4e600000) (1024K)]
  0x000002b6c660ff80 WorkerThread "GC Thread#7"                     [id=4900, stack(0x000000bf4e600000,0x000000bf4e700000) (1024K)]
  0x000002b6abdd33b0 ConcurrentGCThread "G1 Main Marker"            [id=19256, stack(0x000000bf4ea00000,0x000000bf4eb00000) (1024K)]
  0x000002b6abdd4d00 WorkerThread "G1 Conc#0"                       [id=22012, stack(0x000000bf4eb00000,0x000000bf4ec00000) (1024K)]
  0x000002b6abe42290 ConcurrentGCThread "G1 Refine#0"               [id=29308, stack(0x000000bf4ec00000,0x000000bf4ed00000) (1024K)]
  0x000002b6abe42e10 ConcurrentGCThread "G1 Service"                [id=28928, stack(0x000000bf4ed00000,0x000000bf4ee00000) (1024K)]
Total: 14

Threads with active compile tasks:
C2 CompilerThread0  199040 2432       4       org.gradle.internal.logging.sink.GroupingProgressLogEventGenerator::onUpdateNow (54 bytes)
Total: 1

VM state: not at safepoint (normal execution)

VM Mutex/Monitor currently owned by a thread: None

Heap address: 0x00000000fc000000, size: 64 MB, Compressed Oops mode: 32-bit

CDS archive(s) not mapped
Compressed class space mapped at: 0x0000000100000000-0x0000000140000000, reserved size: 1073741824
Narrow klass base: 0x0000000000000000, Narrow klass shift: 3, Narrow klass range: 0x140000000

GC Precious Log:
 CardTable entry size: 512
 Card Set container configuration: InlinePtr #cards 5 size 8 Array Of Cards #cards 12 size 40 Howl #buckets 4 coarsen threshold 1843 Howl Bitmap #cards 512 size 80 coarsen threshold 460 Card regions per heap region 1 cards per card region 2048
 CPUs: 8 total, 8 available
 Memory: 16198M
 Large Page Support: Disabled
 NUMA Support: Disabled
 Compressed Oops: Enabled (32-bit)
 Heap Region Size: 1M
 Heap Min Capacity: 64M
 Heap Initial Capacity: 64M
 Heap Max Capacity: 64M
 Pre-touch: Disabled
 Parallel Workers: 8
 Concurrent Workers: 2
 Concurrent Refinement Workers: 8
 Periodic GC: Disabled

Heap:
 garbage-first heap   total 65536K, used 16310K [0x00000000fc000000, 0x0000000100000000)
  region size 1024K, 7 young (7168K), 2 survivors (2048K)
 Metaspace       used 18842K, committed 19200K, reserved 1114112K
  class space    used 2247K, committed 2432K, reserved 1048576K

Heap Regions: E=young(eden), S=young(survivor), O=old, HS=humongous(starts), HC=humongous(continues), CS=collection set, F=free, TAMS=top-at-mark-start, PB=parsable bottom
|   0|0x00000000fc000000, 0x00000000fc100000, 0x00000000fc100000|100%|HS|  |TAMS 0x00000000fc000000| PB 0x00000000fc000000| Complete 
|   1|0x00000000fc100000, 0x00000000fc200000, 0x00000000fc200000|100%|HC|  |TAMS 0x00000000fc100000| PB 0x00000000fc100000| Complete 
|   2|0x00000000fc200000, 0x00000000fc300000, 0x00000000fc300000|100%|HC|  |TAMS 0x00000000fc200000| PB 0x00000000fc200000| Complete 
|   3|0x00000000fc300000, 0x00000000fc400000, 0x00000000fc400000|100%| O|  |TAMS 0x00000000fc300000| PB 0x00000000fc300000| Untracked 
|   4|0x00000000fc400000, 0x00000000fc500000, 0x00000000fc500000|100%| O|  |TAMS 0x00000000fc400000| PB 0x00000000fc400000| Untracked 
|   5|0x00000000fc500000, 0x00000000fc600000, 0x00000000fc600000|100%| O|  |TAMS 0x00000000fc500000| PB 0x00000000fc500000| Untracked 
|   6|0x00000000fc600000, 0x00000000fc700000, 0x00000000fc700000|100%| O|  |TAMS 0x00000000fc600000| PB 0x00000000fc600000| Untracked 
|   7|0x00000000fc700000, 0x00000000fc800000, 0x00000000fc800000|100%| O|  |TAMS 0x00000000fc700000| PB 0x00000000fc700000| Untracked 
|   8|0x00000000fc800000, 0x00000000fc900000, 0x00000000fc900000|100%| O|  |TAMS 0x00000000fc800000| PB 0x00000000fc800000| Untracked 
|   9|0x00000000fc900000, 0x00000000fca00000, 0x00000000fca00000|100%| O|  |TAMS 0x00000000fc900000| PB 0x00000000fc900000| Untracked 
|  10|0x00000000fca00000, 0x00000000fca144f0, 0x00000000fcb00000|  7%| O|  |TAMS 0x00000000fca00000| PB 0x00000000fca00000| Untracked 
|  11|0x00000000fcb00000, 0x00000000fcb00000, 0x00000000fcc00000|  0%| F|  |TAMS 0x00000000fcb00000| PB 0x00000000fcb00000| Untracked 
|  12|0x00000000fcc00000, 0x00000000fcc00000, 0x00000000fcd00000|  0%| F|  |TAMS 0x00000000fcc00000| PB 0x00000000fcc00000| Untracked 
|  13|0x00000000fcd00000, 0x00000000fcd00000, 0x00000000fce00000|  0%| F|  |TAMS 0x00000000fcd00000| PB 0x00000000fcd00000| Untracked 
|  14|0x00000000fce00000, 0x00000000fce00000, 0x00000000fcf00000|  0%| F|  |TAMS 0x00000000fce00000| PB 0x00000000fce00000| Untracked 
|  15|0x00000000fcf00000, 0x00000000fcf00000, 0x00000000fd000000|  0%| F|  |TAMS 0x00000000fcf00000| PB 0x00000000fcf00000| Untracked 
|  16|0x00000000fd000000, 0x00000000fd000000, 0x00000000fd100000|  0%| F|  |TAMS 0x00000000fd000000| PB 0x00000000fd000000| Untracked 
|  17|0x00000000fd100000, 0x00000000fd100000, 0x00000000fd200000|  0%| F|  |TAMS 0x00000000fd100000| PB 0x00000000fd100000| Untracked 
|  18|0x00000000fd200000, 0x00000000fd200000, 0x00000000fd300000|  0%| F|  |TAMS 0x00000000fd200000| PB 0x00000000fd200000| Untracked 
|  19|0x00000000fd300000, 0x00000000fd300000, 0x00000000fd400000|  0%| F|  |TAMS 0x00000000fd300000| PB 0x00000000fd300000| Untracked 
|  20|0x00000000fd400000, 0x00000000fd400000, 0x00000000fd500000|  0%| F|  |TAMS 0x00000000fd400000| PB 0x00000000fd400000| Untracked 
|  21|0x00000000fd500000, 0x00000000fd500000, 0x00000000fd600000|  0%| F|  |TAMS 0x00000000fd500000| PB 0x00000000fd500000| Untracked 
|  22|0x00000000fd600000, 0x00000000fd600000, 0x00000000fd700000|  0%| F|  |TAMS 0x00000000fd600000| PB 0x00000000fd600000| Untracked 
|  23|0x00000000fd700000, 0x00000000fd700000, 0x00000000fd800000|  0%| F|  |TAMS 0x00000000fd700000| PB 0x00000000fd700000| Untracked 
|  24|0x00000000fd800000, 0x00000000fd800000, 0x00000000fd900000|  0%| F|  |TAMS 0x00000000fd800000| PB 0x00000000fd800000| Untracked 
|  25|0x00000000fd900000, 0x00000000fd900000, 0x00000000fda00000|  0%| F|  |TAMS 0x00000000fd900000| PB 0x00000000fd900000| Untracked 
|  26|0x00000000fda00000, 0x00000000fda00000, 0x00000000fdb00000|  0%| F|  |TAMS 0x00000000fda00000| PB 0x00000000fda00000| Untracked 
|  27|0x00000000fdb00000, 0x00000000fdb00000, 0x00000000fdc00000|  0%| F|  |TAMS 0x00000000fdb00000| PB 0x00000000fdb00000| Untracked 
|  28|0x00000000fdc00000, 0x00000000fdc00000, 0x00000000fdd00000|  0%| F|  |TAMS 0x00000000fdc00000| PB 0x00000000fdc00000| Untracked 
|  29|0x00000000fdd00000, 0x00000000fddd9380, 0x00000000fde00000| 84%| S|CS|TAMS 0x00000000fdd00000| PB 0x00000000fdd00000| Complete 
|  30|0x00000000fde00000, 0x00000000fdf00000, 0x00000000fdf00000|100%| S|CS|TAMS 0x00000000fde00000| PB 0x00000000fde00000| Complete 
|  31|0x00000000fdf00000, 0x00000000fdf00000, 0x00000000fe000000|  0%| F|  |TAMS 0x00000000fdf00000| PB 0x00000000fdf00000| Untracked 
|  32|0x00000000fe000000, 0x00000000fe000000, 0x00000000fe100000|  0%| F|  |TAMS 0x00000000fe000000| PB 0x00000000fe000000| Untracked 
|  33|0x00000000fe100000, 0x00000000fe100000, 0x00000000fe200000|  0%| F|  |TAMS 0x00000000fe100000| PB 0x00000000fe100000| Untracked 
|  34|0x00000000fe200000, 0x00000000fe200000, 0x00000000fe300000|  0%| F|  |TAMS 0x00000000fe200000| PB 0x00000000fe200000| Untracked 
|  35|0x00000000fe300000, 0x00000000fe300000, 0x00000000fe400000|  0%| F|  |TAMS 0x00000000fe300000| PB 0x00000000fe300000| Untracked 
|  36|0x00000000fe400000, 0x00000000fe400000, 0x00000000fe500000|  0%| F|  |TAMS 0x00000000fe400000| PB 0x00000000fe400000| Untracked 
|  37|0x00000000fe500000, 0x00000000fe500000, 0x00000000fe600000|  0%| F|  |TAMS 0x00000000fe500000| PB 0x00000000fe500000| Untracked 
|  38|0x00000000fe600000, 0x00000000fe600000, 0x00000000fe700000|  0%| F|  |TAMS 0x00000000fe600000| PB 0x00000000fe600000| Untracked 
|  39|0x00000000fe700000, 0x00000000fe700000, 0x00000000fe800000|  0%| F|  |TAMS 0x00000000fe700000| PB 0x00000000fe700000| Untracked 
|  40|0x00000000fe800000, 0x00000000fe800000, 0x00000000fe900000|  0%| F|  |TAMS 0x00000000fe800000| PB 0x00000000fe800000| Untracked 
|  41|0x00000000fe900000, 0x00000000fe900000, 0x00000000fea00000|  0%| F|  |TAMS 0x00000000fe900000| PB 0x00000000fe900000| Untracked 
|  42|0x00000000fea00000, 0x00000000fea00000, 0x00000000feb00000|  0%| F|  |TAMS 0x00000000fea00000| PB 0x00000000fea00000| Untracked 
|  43|0x00000000feb00000, 0x00000000feb00000, 0x00000000fec00000|  0%| F|  |TAMS 0x00000000feb00000| PB 0x00000000feb00000| Untracked 
|  44|0x00000000fec00000, 0x00000000fec00000, 0x00000000fed00000|  0%| F|  |TAMS 0x00000000fec00000| PB 0x00000000fec00000| Untracked 
|  45|0x00000000fed00000, 0x00000000fed00000, 0x00000000fee00000|  0%| F|  |TAMS 0x00000000fed00000| PB 0x00000000fed00000| Untracked 
|  46|0x00000000fee00000, 0x00000000fee00000, 0x00000000fef00000|  0%| F|  |TAMS 0x00000000fee00000| PB 0x00000000fee00000| Untracked 
|  47|0x00000000fef00000, 0x00000000fef00000, 0x00000000ff000000|  0%| F|  |TAMS 0x00000000fef00000| PB 0x00000000fef00000| Untracked 
|  48|0x00000000ff000000, 0x00000000ff000000, 0x00000000ff100000|  0%| F|  |TAMS 0x00000000ff000000| PB 0x00000000ff000000| Untracked 
|  49|0x00000000ff100000, 0x00000000ff100000, 0x00000000ff200000|  0%| F|  |TAMS 0x00000000ff100000| PB 0x00000000ff100000| Untracked 
|  50|0x00000000ff200000, 0x00000000ff200000, 0x00000000ff300000|  0%| F|  |TAMS 0x00000000ff200000| PB 0x00000000ff200000| Untracked 
|  51|0x00000000ff300000, 0x00000000ff300000, 0x00000000ff400000|  0%| F|  |TAMS 0x00000000ff300000| PB 0x00000000ff300000| Untracked 
|  52|0x00000000ff400000, 0x00000000ff400000, 0x00000000ff500000|  0%| F|  |TAMS 0x00000000ff400000| PB 0x00000000ff400000| Untracked 
|  53|0x00000000ff500000, 0x00000000ff500000, 0x00000000ff600000|  0%| F|  |TAMS 0x00000000ff500000| PB 0x00000000ff500000| Untracked 
|  54|0x00000000ff600000, 0x00000000ff600000, 0x00000000ff700000|  0%| F|  |TAMS 0x00000000ff600000| PB 0x00000000ff600000| Untracked 
|  55|0x00000000ff700000, 0x00000000ff700000, 0x00000000ff800000|  0%| F|  |TAMS 0x00000000ff700000| PB 0x00000000ff700000| Untracked 
|  56|0x00000000ff800000, 0x00000000ff800000, 0x00000000ff900000|  0%| F|  |TAMS 0x00000000ff800000| PB 0x00000000ff800000| Untracked 
|  57|0x00000000ff900000, 0x00000000ff900000, 0x00000000ffa00000|  0%| F|  |TAMS 0x00000000ff900000| PB 0x00000000ff900000| Untracked 
|  58|0x00000000ffa00000, 0x00000000ffa00000, 0x00000000ffb00000|  0%| F|  |TAMS 0x00000000ffa00000| PB 0x00000000ffa00000| Untracked 
|  59|0x00000000ffb00000, 0x00000000ffba26c8, 0x00000000ffc00000| 63%| E|  |TAMS 0x00000000ffb00000| PB 0x00000000ffb00000| Complete 
|  60|0x00000000ffc00000, 0x00000000ffd00000, 0x00000000ffd00000|100%| E|CS|TAMS 0x00000000ffc00000| PB 0x00000000ffc00000| Complete 
|  61|0x00000000ffd00000, 0x00000000ffe00000, 0x00000000ffe00000|100%| E|CS|TAMS 0x00000000ffd00000| PB 0x00000000ffd00000| Complete 
|  62|0x00000000ffe00000, 0x00000000fff00000, 0x00000000fff00000|100%| E|CS|TAMS 0x00000000ffe00000| PB 0x00000000ffe00000| Complete 
|  63|0x00000000fff00000, 0x0000000100000000, 0x0000000100000000|100%| E|CS|TAMS 0x00000000fff00000| PB 0x00000000fff00000| Complete 

Card table byte_map: [0x000002b6a9e10000,0x000002b6a9e30000] _byte_map_base: 0x000002b6a9630000

Marking Bits: (CMBitMap*) 0x000002b6abdd22d0
 Bits: [0x000002b6be250000, 0x000002b6be350000)

Polling page: 0x000002b6a9dc0000

Metaspace:

Usage:
  Non-class:     16.21 MB used.
      Class:      2.19 MB used.
       Both:     18.40 MB used.

Virtual space:
  Non-class space:       64.00 MB reserved,      16.38 MB ( 26%) committed,  1 nodes.
      Class space:        1.00 GB reserved,       2.38 MB ( <1%) committed,  1 nodes.
             Both:        1.06 GB reserved,      18.75 MB (  2%) committed. 

Chunk freelists:
   Non-Class:  14.89 MB
       Class:  13.65 MB
        Both:  28.54 MB

MaxMetaspaceSize: unlimited
CompressedClassSpaceSize: 1.00 GB
Initial GC threshold: 21.00 MB
Current GC threshold: 21.00 MB
CDS: off
 - commit_granule_bytes: 65536.
 - commit_granule_words: 8192.
 - virtual_space_node_default_size: 8388608.
 - enlarge_chunks_in_place: 1.
 - use_allocation_guard: 0.


Internal statistics:

num_allocs_failed_limit: 0.
num_arena_births: 328.
num_arena_deaths: 0.
num_vsnodes_births: 2.
num_vsnodes_deaths: 0.
num_space_committed: 300.
num_space_uncommitted: 0.
num_chunks_returned_to_freelist: 0.
num_chunks_taken_from_freelist: 663.
num_chunk_merges: 0.
num_chunk_splits: 414.
num_chunks_enlarged: 265.
num_inconsistent_stats: 0.

CodeHeap 'non-profiled nmethods': size=120000Kb used=1329Kb max_used=1329Kb free=118670Kb
 bounds [0x000002b6b69e0000, 0x000002b6b6c50000, 0x000002b6bdf10000]
CodeHeap 'profiled nmethods': size=120000Kb used=4425Kb max_used=4425Kb free=115574Kb
 bounds [0x000002b6aef10000, 0x000002b6af370000, 0x000002b6b6440000]
CodeHeap 'non-nmethods': size=5760Kb used=1313Kb max_used=1353Kb free=4447Kb
 bounds [0x000002b6b6440000, 0x000002b6b66b0000, 0x000002b6b69e0000]
CodeCache: size=245760Kb, used=7067Kb, max_used=7107Kb, free=238691Kb
 total_blobs=2928, nmethods=2431, adapters=402, full_count=0
Compilation: enabled, stopped_count=0, restarted_count=0

Compilation events (20 events):
Event: 170.067 Thread 0x000002b6c50206d0 nmethod 2422 0x000002b6af35e010 code [0x000002b6af35e240, 0x000002b6af35e9c0]
Event: 170.068 Thread 0x000002b6c50206d0 2423       1       java.lang.reflect.Field::getModifiers (5 bytes)
Event: 170.068 Thread 0x000002b6c50206d0 nmethod 2423 0x000002b6b6b2b310 code [0x000002b6b6b2b4a0, 0x000002b6b6b2b568]
Event: 170.068 Thread 0x000002b6c50206d0 2424       3       jdk.internal.reflect.ClassFileAssembler::emitConstantPoolNameAndType (28 bytes)
Event: 170.068 Thread 0x000002b6c50206d0 nmethod 2424 0x000002b6af35ec10 code [0x000002b6af35ee60, 0x000002b6af35f508]
Event: 170.069 Thread 0x000002b6c50206d0 2425       3       java.security.AccessController::doPrivileged (9 bytes)
Event: 170.069 Thread 0x000002b6c50206d0 nmethod 2425 0x000002b6af35f890 code [0x000002b6af35fa60, 0x000002b6af35fd90]
Event: 170.070 Thread 0x000002b6c50206d0 2426   !   3       java.io.ObjectInputStream$BlockDataInputStream::readUTFSpan (502 bytes)
Event: 170.071 Thread 0x000002b6c50206d0 nmethod 2426 0x000002b6af35ff10 code [0x000002b6af3601c0, 0x000002b6af360f28]
Event: 170.071 Thread 0x000002b6c50206d0 2427  s    3       java.io.ByteArrayInputStream::read (73 bytes)
Event: 170.071 Thread 0x000002b6c50206d0 nmethod 2427 0x000002b6af361910 code [0x000002b6af361b00, 0x000002b6af3620e0]
Event: 170.071 Thread 0x000002b6c50206d0 2428       3       jdk.internal.event.Event::<init> (5 bytes)
Event: 170.071 Thread 0x000002b6c50206d0 nmethod 2428 0x000002b6af362290 code [0x000002b6af362440, 0x000002b6af3625a8]
Event: 170.190 Thread 0x000002b6c501c030 2429       4       java.nio.ByteBuffer::clear (7 bytes)
Event: 170.191 Thread 0x000002b6c501c030 nmethod 2429 0x000002b6b6b2b610 code [0x000002b6b6b2b7a0, 0x000002b6b6b2b840]
Event: 182.484 Thread 0x000002b6c501c030 2430       4       java.util.concurrent.ScheduledThreadPoolExecutor::canRunInCurrentRunState (61 bytes)
Event: 182.486 Thread 0x000002b6c501c030 nmethod 2430 0x000002b6b6b2b910 code [0x000002b6b6b2baa0, 0x000002b6b6b2bb70]
Event: 183.281 Thread 0x000002b6c501c030 2431       4       java.lang.String::<init> (98 bytes)
Event: 184.301 Thread 0x000002b6c501c030 nmethod 2431 0x000002b6b6b2bc90 code [0x000002b6b6b2be40, 0x000002b6b6b2c420]
Event: 195.965 Thread 0x000002b6c501c030 2432       4       org.gradle.internal.logging.sink.GroupingProgressLogEventGenerator::onUpdateNow (54 bytes)

GC Heap History (6 events):
Event: 1.126 GC heap before
{Heap before GC invocations=0 (full 0):
 garbage-first heap   total 65536K, used 22528K [0x00000000fc000000, 0x0000000100000000)
  region size 1024K, 23 young (23552K), 0 survivors (0K)
 Metaspace       used 8460K, committed 8640K, reserved 1114112K
  class space    used 787K, committed 896K, reserved 1048576K
}
Event: 1.135 GC heap after
{Heap after GC invocations=1 (full 0):
 garbage-first heap   total 65536K, used 1536K [0x00000000fc000000, 0x0000000100000000)
  region size 1024K, 2 young (2048K), 2 survivors (2048K)
 Metaspace       used 8460K, committed 8640K, reserved 1114112K
  class space    used 787K, committed 896K, reserved 1048576K
}
Event: 3.141 GC heap before
{Heap before GC invocations=1 (full 0):
 garbage-first heap   total 65536K, used 37376K [0x00000000fc000000, 0x0000000100000000)
  region size 1024K, 35 young (35840K), 2 survivors (2048K)
 Metaspace       used 12228K, committed 12416K, reserved 1114112K
  class space    used 1313K, committed 1408K, reserved 1048576K
}
Event: 3.153 GC heap after
{Heap after GC invocations=2 (full 0):
 garbage-first heap   total 65536K, used 10498K [0x00000000fc000000, 0x0000000100000000)
  region size 1024K, 5 young (5120K), 5 survivors (5120K)
 Metaspace       used 12228K, committed 12416K, reserved 1114112K
  class space    used 1313K, committed 1408K, reserved 1048576K
}
Event: 118.676 GC heap before
{Heap before GC invocations=2 (full 0):
 garbage-first heap   total 65536K, used 44290K [0x00000000fc000000, 0x0000000100000000)
  region size 1024K, 38 young (38912K), 5 survivors (5120K)
 Metaspace       used 18394K, committed 18752K, reserved 1114112K
  class space    used 2191K, committed 2368K, reserved 1048576K
}
Event: 118.685 GC heap after
{Heap after GC invocations=3 (full 0):
 garbage-first heap   total 65536K, used 12214K [0x00000000fc000000, 0x0000000100000000)
  region size 1024K, 2 young (2048K), 2 survivors (2048K)
 Metaspace       used 18394K, committed 18752K, reserved 1114112K
  class space    used 2191K, committed 2368K, reserved 1048576K
}

Dll operation events (3 events):
Event: 0.016 Loaded shared library C:\Program Files\Android\Android Studio\jbr\bin\java.dll
Event: 0.025 Loaded shared library C:\Program Files\Android\Android Studio\jbr\bin\zip.dll
Event: 2.719 Loaded shared library C:\Program Files\Android\Android Studio\jbr\bin\verify.dll

Deoptimization events (20 events):
Event: 168.990 Thread 0x000002b6a98e02d0 Uncommon trap: trap_request=0xffffffde fr.pc=0x000002b6b6b008b4 relative=0x00000000000004b4
Event: 168.990 Thread 0x000002b6a98e02d0 Uncommon trap: reason=class_check action=maybe_recompile pc=0x000002b6b6b008b4 method=java.util.concurrent.ConcurrentHashMap.replaceNode(Ljava/lang/Object;Ljava/lang/Object;Ljava/lang/Object;)Ljava/lang/Object; @ 1 c2
Event: 168.990 Thread 0x000002b6a98e02d0 DEOPT PACKING pc=0x000002b6b6b008b4 sp=0x000000bf4e8fcd80
Event: 168.990 Thread 0x000002b6a98e02d0 DEOPT UNPACKING pc=0x000002b6b64943a2 sp=0x000000bf4e8fcd00 mode 2
Event: 168.990 Thread 0x000002b6a98e02d0 Uncommon trap: trap_request=0xffffffde fr.pc=0x000002b6b6b008b4 relative=0x00000000000004b4
Event: 168.990 Thread 0x000002b6a98e02d0 Uncommon trap: reason=class_check action=maybe_recompile pc=0x000002b6b6b008b4 method=java.util.concurrent.ConcurrentHashMap.replaceNode(Ljava/lang/Object;Ljava/lang/Object;Ljava/lang/Object;)Ljava/lang/Object; @ 1 c2
Event: 168.990 Thread 0x000002b6a98e02d0 DEOPT PACKING pc=0x000002b6b6b008b4 sp=0x000000bf4e8fcd80
Event: 168.990 Thread 0x000002b6a98e02d0 DEOPT UNPACKING pc=0x000002b6b64943a2 sp=0x000000bf4e8fcd00 mode 2
Event: 170.044 Thread 0x000002b6a98e02d0 Uncommon trap: trap_request=0xffffff45 fr.pc=0x000002b6b6af99ac relative=0x000000000000036c
Event: 170.044 Thread 0x000002b6a98e02d0 Uncommon trap: reason=unstable_if action=reinterpret pc=0x000002b6b6af99ac method=jdk.internal.reflect.DirectMethodHandleAccessor.checkArgumentCount(I[Ljava/lang/Object;)V @ 1 c2
Event: 170.044 Thread 0x000002b6a98e02d0 DEOPT PACKING pc=0x000002b6b6af99ac sp=0x000000bf4e8fd6f0
Event: 170.044 Thread 0x000002b6a98e02d0 DEOPT UNPACKING pc=0x000002b6b64943a2 sp=0x000000bf4e8fd620 mode 2
Event: 170.063 Thread 0x000002b6a98e02d0 Uncommon trap: trap_request=0xffffff45 fr.pc=0x000002b6b6afa308 relative=0x0000000000000068
Event: 170.063 Thread 0x000002b6a98e02d0 Uncommon trap: reason=unstable_if action=reinterpret pc=0x000002b6b6afa308 method=jdk.internal.reflect.DirectMethodHandleAccessor.checkArgumentCount(I[Ljava/lang/Object;)V @ 1 c2
Event: 170.063 Thread 0x000002b6a98e02d0 DEOPT PACKING pc=0x000002b6b6afa308 sp=0x000000bf4e8fd010
Event: 170.063 Thread 0x000002b6a98e02d0 DEOPT UNPACKING pc=0x000002b6b64943a2 sp=0x000000bf4e8fcfa8 mode 2
Event: 170.070 Thread 0x000002b6a98e02d0 Uncommon trap: trap_request=0xffffff45 fr.pc=0x000002b6b6b08b2c relative=0x0000000000002acc
Event: 170.070 Thread 0x000002b6a98e02d0 Uncommon trap: reason=unstable_if action=reinterpret pc=0x000002b6b6b08b2c method=org.gradle.internal.logging.sink.OutputEventTransformer.onOutput(Lorg/gradle/internal/logging/events/OutputEvent;)V @ 325 c2
Event: 170.070 Thread 0x000002b6a98e02d0 DEOPT PACKING pc=0x000002b6b6b08b2c sp=0x000000bf4e8fe4a0
Event: 170.070 Thread 0x000002b6a98e02d0 DEOPT UNPACKING pc=0x000002b6b64943a2 sp=0x000000bf4e8fe4b8 mode 2

Classes loaded (20 events):
Event: 170.059 Loading class java/io/PrintWriter
Event: 170.059 Loading class java/io/PrintWriter done
Event: 170.066 Loading class java/io/ObjectStreamClass$1
Event: 170.066 Loading class java/io/ObjectStreamClass$1 done
Event: 170.066 Loading class java/io/DataOutputStream
Event: 170.066 Loading class java/io/DataOutputStream done
Event: 170.066 Loading class java/io/ObjectStreamClass$MemberSignature
Event: 170.066 Loading class java/io/ObjectStreamClass$MemberSignature done
Event: 170.066 Loading class java/io/ObjectStreamClass$3
Event: 170.066 Loading class java/io/ObjectStreamClass$3 done
Event: 170.067 Loading class java/io/ObjectStreamClass$4
Event: 170.067 Loading class java/io/ObjectStreamClass$4 done
Event: 170.067 Loading class java/io/ObjectStreamClass$5
Event: 170.067 Loading class java/io/ObjectStreamClass$5 done
Event: 170.187 Loading class java/io/PrintWriter$1
Event: 170.187 Loading class jdk/internal/access/JavaIOPrintWriterAccess
Event: 170.188 Loading class jdk/internal/access/JavaIOPrintWriterAccess done
Event: 170.188 Loading class java/io/PrintWriter$1 done
Event: 170.188 Loading class java/lang/Throwable$WrappedPrintWriter
Event: 170.188 Loading class java/lang/Throwable$WrappedPrintWriter done

Classes unloaded (0 events):
No events

Classes redefined (0 events):
No events

Internal exceptions (20 events):
Event: 3.915 Thread 0x000002b6a98e02d0 Exception <a 'java/lang/NoSuchMethodError'{0x00000000ff307398}: 'java.lang.Object java.lang.invoke.DirectMethodHandle$Holder.invokeStatic(java.lang.Object, java.lang.Object, java.lang.Object, java.lang.Object, java.lang.Object, java.lang.Object, java.lang.Object, java.lang.Object, java.lang.Object, java.lang.Object, java.lang.Object, java.lang.Object, java.lang.Object, java.lang.Object, java.lang.Object, java.lang.Object, java.lang.Object, java.lang.Object, java.lang.Object, java.lang.Object, java.lang.Obj
Event: 3.929 Thread 0x000002b6a98e02d0 Exception <a 'java/lang/NoSuchMethodError'{0x00000000ff333828}: 'java.lang.Object java.lang.invoke.DirectMethodHandle$Holder.invokeStatic(java.lang.Object, java.lang.Object, java.lang.Object, java.lang.Object, java.lang.Object, java.lang.Object, java.lang.Object, java.lang.Object, java.lang.Object, java.lang.Object, java.lang.Object, java.lang.Object, java.lang.Object, java.lang.Object, java.lang.Object, java.lang.Object, java.lang.Object, java.lang.Object, java.lang.Object, java.lang.Object, java.lang.Obj
Event: 3.948 Thread 0x000002b6a98e02d0 Exception <a 'java/lang/NoSuchMethodError'{0x00000000ff3606b8}: 'java.lang.Object java.lang.invoke.DirectMethodHandle$Holder.invokeStatic(java.lang.Object, java.lang.Object, java.lang.Object, java.lang.Object, java.lang.Object, java.lang.Object, java.lang.Object, java.lang.Object, java.lang.Object, java.lang.Object, java.lang.Object, java.lang.Object, java.lang.Object, java.lang.Object, java.lang.Object, java.lang.Object, java.lang.Object, java.lang.Object, java.lang.Object, java.lang.Object, java.lang.Obj
Event: 3.975 Thread 0x000002b6a98e02d0 Exception <a 'java/lang/NoSuchMethodError'{0x00000000ff38fb78}: 'java.lang.Object java.lang.invoke.DirectMethodHandle$Holder.invokeStatic(java.lang.Object, java.lang.Object, java.lang.Object, java.lang.Object, java.lang.Object, java.lang.Object, java.lang.Object, java.lang.Object, java.lang.Object, java.lang.Object, java.lang.Object, java.lang.Object, java.lang.Object, java.lang.Object, java.lang.Object, java.lang.Object, java.lang.Object, java.lang.Object, java.lang.Object, java.lang.Object, java.lang.Obj
Event: 4.017 Thread 0x000002b6a98e02d0 Exception <a 'java/lang/NoSuchMethodError'{0x00000000ff3b44e8}: 'java.lang.Object java.lang.invoke.DirectMethodHandle$Holder.invokeSpecial(java.lang.Object, java.lang.Object, java.lang.Object, java.lang.Object, java.lang.Object, java.lang.Object, java.lang.Object, java.lang.Object, java.lang.Object, java.lang.Object, java.lang.Object, java.lang.Object, java.lang.Object, java.lang.Object, java.lang.Object, java.lang.Object, java.lang.Object, java.lang.Object, java.lang.Object, java.lang.Object, java.lang.Ob
Event: 4.031 Thread 0x000002b6a98e02d0 Exception <a 'java/lang/NoSuchMethodError'{0x00000000ff3c9f80}: 'java.lang.Object java.lang.invoke.DirectMethodHandle$Holder.newInvokeSpecial(java.lang.Object, java.lang.Object, java.lang.Object, java.lang.Object, java.lang.Object, java.lang.Object, java.lang.Object, java.lang.Object, java.lang.Object, java.lang.Object, java.lang.Object, java.lang.Object, java.lang.Object, java.lang.Object, java.lang.Object, java.lang.Object, java.lang.Object, java.lang.Object, java.lang.Object, java.lang.Object, java.lang
Event: 4.032 Thread 0x000002b6a98e02d0 Exception <a 'java/lang/NoSuchMethodError'{0x00000000ff3d0138}: 'java.lang.Object java.lang.invoke.Invokers$Holder.linkToTargetMethod(java.lang.Object, java.lang.Object, java.lang.Object, java.lang.Object, java.lang.Object, java.lang.Object, java.lang.Object, java.lang.Object, java.lang.Object, java.lang.Object, java.lang.Object, java.lang.Object, java.lang.Object, java.lang.Object, java.lang.Object, java.lang.Object, java.lang.Object, java.lang.Object, java.lang.Object, java.lang.Object, java.lang.Object,
Event: 4.034 Thread 0x000002b6a98e02d0 Exception <a 'java/lang/NoSuchMethodError'{0x00000000ff3d51f8}: 'java.lang.Object java.lang.invoke.DirectMethodHandle$Holder.invokeVirtual(java.lang.Object, java.lang.Object, java.lang.Object, java.lang.Object, java.lang.Object, java.lang.Object, java.lang.Object, java.lang.Object, java.lang.Object, java.lang.Object)'> (0x00000000ff3d51f8) 
thrown [s\src\hotspot\share\interpreter\linkResolver.cpp, line 784]
Event: 4.107 Thread 0x000002b6a98e02d0 Exception <a 'java/lang/NoSuchMethodError'{0x00000000ff2cb000}: 'java.lang.Object java.lang.invoke.DirectMethodHandle$Holder.invokeVirtual(java.lang.Object, java.lang.Object, java.lang.Object, java.lang.Object, java.lang.Object, java.lang.Object, java.lang.Object, java.lang.Object, java.lang.Object)'> (0x00000000ff2cb000) 
thrown [s\src\hotspot\share\interpreter\linkResolver.cpp, line 784]
Event: 4.189 Thread 0x000002b6a98e02d0 Exception <a 'java/lang/NoSuchMethodError'{0x00000000ff1e2458}: 'java.lang.Object java.lang.invoke.DirectMethodHandle$Holder.invokeVirtual(java.lang.Object, java.lang.Object, java.lang.Object, java.lang.Object, java.lang.Object, java.lang.Object, java.lang.Object, java.lang.Object)'> (0x00000000ff1e2458) 
thrown [s\src\hotspot\share\interpreter\linkResolver.cpp, line 784]
Event: 4.292 Thread 0x000002b6a98e02d0 Exception <a 'java/lang/NoSuchMethodError'{0x00000000ff098ab8}: 'java.lang.Object java.lang.invoke.DirectMethodHandle$Holder.invokeStaticInit(java.lang.Object, java.lang.Object, int, int, int, int)'> (0x00000000ff098ab8) 
thrown [s\src\hotspot\share\interpreter\linkResolver.cpp, line 784]
Event: 4.315 Thread 0x000002b6a98e02d0 Exception <a 'sun/nio/fs/WindowsException'{0x00000000ff0c0ca8}> (0x00000000ff0c0ca8) 
thrown [s\src\hotspot\share\prims\jni.cpp, line 537]
Event: 4.393 Thread 0x000002b6a98e02d0 Exception <a 'sun/nio/fs/WindowsException'{0x00000000fef5ef10}> (0x00000000fef5ef10) 
thrown [s\src\hotspot\share\prims\jni.cpp, line 537]
Event: 4.393 Thread 0x000002b6a98e02d0 Implicit null exception at 0x000002b6b6a161a0 to 0x000002b6b6a16758
Event: 4.399 Thread 0x000002b6a98e02d0 Exception <a 'java/lang/NoSuchMethodError'{0x00000000fef77600}: 'void java.lang.invoke.DirectMethodHandle$Holder.invokeInterface(java.lang.Object, java.lang.Object, java.lang.Object)'> (0x00000000fef77600) 
thrown [s\src\hotspot\share\interpreter\linkResolver.cpp, line 784]
Event: 169.002 Thread 0x000002b6a98e02d0 Exception <a 'java/lang/NoSuchMethodError'{0x00000000ffdef920}: 'long java.lang.invoke.DirectMethodHandle$Holder.invokeSpecial(java.lang.Object, java.lang.Object)'> (0x00000000ffdef920) 
thrown [s\src\hotspot\share\interpreter\linkResolver.cpp, line 784]
Event: 170.004 Thread 0x000002b6a98e02d0 Exception <a 'java/lang/NoSuchMethodError'{0x00000000ffdf3120}: 'long java.lang.invoke.Invokers$Holder.invokeExact_MT(java.lang.Object, java.lang.Object)'> (0x00000000ffdf3120) 
thrown [s\src\hotspot\share\interpreter\linkResolver.cpp, line 784]
Event: 170.044 Thread 0x000002b6a98e02d0 Implicit null exception at 0x000002b6b6af96c0 to 0x000002b6b6af9984
Event: 170.063 Thread 0x000002b6a98e02d0 Implicit null exception at 0x000002b6b6afa2ba to 0x000002b6b6afa2f4
Event: 170.067 Thread 0x000002b6a98e02d0 Exception <a 'java/lang/NoSuchMethodError'{0x00000000ffceb220}: static Lorg/gradle/api/UncheckedIOException;.<clinit>()V> (0x00000000ffceb220) 
thrown [s\src\hotspot\share\prims\jni.cpp, line 1144]

ZGC Phase Switch (0 events):
No events

VM Operations (20 events):
Event: 119.687 Executing safepoint VM operation: Cleanup
Event: 119.687 Executing safepoint VM operation: Cleanup done
Event: 120.155 Executing non-safepoint VM operation: HandshakeAllThreads (HandshakeForDeflation)
Event: 120.155 Executing non-safepoint VM operation: HandshakeAllThreads (HandshakeForDeflation) done
Event: 120.156 Executing non-safepoint VM operation: RendezvousGCThreads
Event: 120.156 Executing non-safepoint VM operation: RendezvousGCThreads done
Event: 123.184 Executing safepoint VM operation: Cleanup
Event: 123.184 Executing safepoint VM operation: Cleanup done
Event: 169.520 Executing safepoint VM operation: Cleanup
Event: 170.003 Executing safepoint VM operation: Cleanup done
Event: 170.186 Executing non-safepoint VM operation: HandshakeAllThreads (Deoptimize)
Event: 170.186 Executing non-safepoint VM operation: HandshakeAllThreads (Deoptimize) done
Event: 171.189 Executing safepoint VM operation: Cleanup
Event: 171.189 Executing safepoint VM operation: Cleanup done
Event: 180.172 Executing non-safepoint VM operation: HandshakeAllThreads (HandshakeForDeflation)
Event: 180.172 Executing non-safepoint VM operation: HandshakeAllThreads (HandshakeForDeflation) done
Event: 180.172 Executing non-safepoint VM operation: RendezvousGCThreads
Event: 180.172 Executing non-safepoint VM operation: RendezvousGCThreads done
Event: 182.184 Executing safepoint VM operation: Cleanup
Event: 182.184 Executing safepoint VM operation: Cleanup done

Memory protections (0 events):
No events

Nmethod flushes (0 events):
No events

Events (20 events):
Event: 0.159 Thread 0x000002b6a98e02d0 Thread added: 0x000002b6c51bd000
Event: 0.178 Loaded shared library C:\Program Files\Android\Android Studio\jbr\bin\net.dll
Event: 0.184 Loaded shared library C:\Program Files\Android\Android Studio\jbr\bin\nio.dll
Event: 0.230 Loaded shared library C:\Program Files\Android\Android Studio\jbr\bin\zip.dll
Event: 0.720 Thread 0x000002b6c50206d0 Thread added: 0x000002b6c594a760
Event: 1.520 Thread 0x000002b6c594a760 Thread exited: 0x000002b6c594a760
Event: 1.740 Thread 0x000002b6c50206d0 Thread added: 0x000002b6c580f360
Event: 1.752 Thread 0x000002b6c501c030 Thread added: 0x000002b6c580fa10
Event: 1.809 Loaded shared library C:\Program Files\Android\Android Studio\jbr\bin\jimage.dll
Event: 2.102 Thread 0x000002b6c580fa10 Thread exited: 0x000002b6c580fa10
Event: 2.102 Thread 0x000002b6c580f360 Thread exited: 0x000002b6c580f360
Event: 2.419 Thread 0x000002b6c50206d0 Thread added: 0x000002b6c5e00590
Event: 2.974 Thread 0x000002b6c5e00590 Thread exited: 0x000002b6c5e00590
Event: 3.006 Loaded shared library C:\Program Files\Android\Android Studio\jbr\bin\management.dll
Event: 3.025 Loaded shared library C:\Program Files\Android\Android Studio\jbr\bin\management_ext.dll
Event: 3.179 Loaded shared library D:\gradle-user-home\native\1def1411415f61bf3af743bc5b6707747c0891f09f0c88961ee8f79bc544acac\windows-amd64\native-platform.dll
Event: 3.263 Thread 0x000002b6a98e02d0 Thread added: 0x000002b6c57458f0
Event: 3.627 Loaded shared library C:\Program Files\Android\Android Studio\jbr\bin\extnet.dll
Event: 3.881 Thread 0x000002b6c50206d0 Thread added: 0x000002b6c65117e0
Event: 4.401 Thread 0x000002b6c65117e0 Thread exited: 0x000002b6c65117e0


Dynamic libraries:
0x00007ff622740000 - 0x00007ff62274a000 	C:\Program Files\Android\Android Studio\jbr\bin\java.exe
0x00007ffd5e480000 - 0x00007ffd5e6e7000 	C:\WINDOWS\SYSTEM32\ntdll.dll
0x00007ffd5c970000 - 0x00007ffd5ca39000 	C:\WINDOWS\System32\KERNEL32.DLL
0x00007ffd5b160000 - 0x00007ffd5b554000 	C:\WINDOWS\System32\KERNELBASE.dll
0x00007ffd5b010000 - 0x00007ffd5b15b000 	C:\WINDOWS\System32\ucrtbase.dll
0x00007ffd4c140000 - 0x00007ffd4c15b000 	C:\Program Files\Android\Android Studio\jbr\bin\VCRUNTIME140.dll
0x00007ffd57c90000 - 0x00007ffd57ca8000 	C:\Program Files\Android\Android Studio\jbr\bin\jli.dll
0x00007ffd5c6f0000 - 0x00007ffd5c8b5000 	C:\WINDOWS\System32\USER32.dll
0x00007ffd5b8b0000 - 0x00007ffd5b8d7000 	C:\WINDOWS\System32\win32u.dll
0x00007ffd3e110000 - 0x00007ffd3e3a3000 	C:\WINDOWS\WinSxS\amd64_microsoft.windows.common-controls_6595b64144ccf1df_6.0.26100.8115_none_3e075c82e3354f9c\COMCTL32.dll
0x00007ffd5d4a0000 - 0x00007ffd5d4cb000 	C:\WINDOWS\System32\GDI32.dll
0x00007ffd5b780000 - 0x00007ffd5b8ab000 	C:\WINDOWS\System32\gdi32full.dll
0x00007ffd5d190000 - 0x00007ffd5d239000 	C:\WINDOWS\System32\msvcrt.dll
0x00007ffd5b560000 - 0x00007ffd5b603000 	C:\WINDOWS\System32\msvcp_win.dll
0x00007ffd5d5b0000 - 0x00007ffd5d5e2000 	C:\WINDOWS\System32\IMM32.DLL
0x00007ffd57cc0000 - 0x00007ffd57ccc000 	C:\Program Files\Android\Android Studio\jbr\bin\vcruntime140_1.dll
0x00007ffd39780000 - 0x00007ffd3980d000 	C:\Program Files\Android\Android Studio\jbr\bin\msvcp140.dll
0x00007ffcd0e50000 - 0x00007ffcd1ae6000 	C:\Program Files\Android\Android Studio\jbr\bin\server\jvm.dll
0x00007ffd5d3e0000 - 0x00007ffd5d496000 	C:\WINDOWS\System32\ADVAPI32.dll
0x00007ffd5c8c0000 - 0x00007ffd5c967000 	C:\WINDOWS\System32\sechost.dll
0x00007ffd5d2c0000 - 0x00007ffd5d3d8000 	C:\WINDOWS\System32\RPCRT4.dll
0x00007ffd5cf60000 - 0x00007ffd5cfe0000 	C:\WINDOWS\System32\WS2_32.dll
0x00007ffd5abd0000 - 0x00007ffd5ac2e000 	C:\WINDOWS\SYSTEM32\POWRPROF.dll
0x00007ffd53f90000 - 0x00007ffd53f9b000 	C:\WINDOWS\SYSTEM32\VERSION.dll
0x00007ffd4b520000 - 0x00007ffd4b556000 	C:\WINDOWS\SYSTEM32\WINMM.dll
0x00007ffd5abb0000 - 0x00007ffd5abc4000 	C:\WINDOWS\SYSTEM32\UMPDC.dll
0x00007ffd59aa0000 - 0x00007ffd59abb000 	C:\WINDOWS\SYSTEM32\kernel.appcore.dll
0x00007ffd57c80000 - 0x00007ffd57c8a000 	C:\Program Files\Android\Android Studio\jbr\bin\jimage.dll
0x00007ffd58d40000 - 0x00007ffd58f82000 	C:\WINDOWS\SYSTEM32\DBGHELP.DLL
0x00007ffd5e090000 - 0x00007ffd5e412000 	C:\WINDOWS\System32\combase.dll
0x00007ffd5d4d0000 - 0x00007ffd5d5a8000 	C:\WINDOWS\System32\OLEAUT32.dll
0x00007ffd3be00000 - 0x00007ffd3be3b000 	C:\WINDOWS\SYSTEM32\dbgcore.DLL
0x00007ffd5af60000 - 0x00007ffd5b005000 	C:\WINDOWS\System32\bcryptPrimitives.dll
0x00007ffd4c120000 - 0x00007ffd4c140000 	C:\Program Files\Android\Android Studio\jbr\bin\java.dll
0x00007ffd3cb00000 - 0x00007ffd3cb18000 	C:\Program Files\Android\Android Studio\jbr\bin\zip.dll
0x00007ffd5d5f0000 - 0x00007ffd5dd57000 	C:\WINDOWS\System32\SHELL32.dll
0x00007ffd5b610000 - 0x00007ffd5b77a000 	C:\WINDOWS\System32\wintypes.dll
0x00007ffd5b8e0000 - 0x00007ffd5c148000 	C:\WINDOWS\System32\windows.storage.dll
0x00007ffd5c380000 - 0x00007ffd5c478000 	C:\WINDOWS\System32\SHCORE.dll
0x00007ffd5c680000 - 0x00007ffd5c6e6000 	C:\WINDOWS\System32\shlwapi.dll
0x00007ffd5ac70000 - 0x00007ffd5ac99000 	C:\WINDOWS\SYSTEM32\profapi.dll
0x00007ffd4c2a0000 - 0x00007ffd4c2b0000 	C:\Program Files\Android\Android Studio\jbr\bin\net.dll
0x00007ffd53e60000 - 0x00007ffd53f8d000 	C:\WINDOWS\SYSTEM32\WINHTTP.dll
0x00007ffd59ff0000 - 0x00007ffd5a05c000 	C:\WINDOWS\system32\mswsock.dll
0x00007ffd3c910000 - 0x00007ffd3c926000 	C:\Program Files\Android\Android Studio\jbr\bin\nio.dll
0x00007ffd488c0000 - 0x00007ffd488d0000 	C:\Program Files\Android\Android Studio\jbr\bin\verify.dll
0x00007ffd4c1b0000 - 0x00007ffd4c1b9000 	C:\Program Files\Android\Android Studio\jbr\bin\management.dll
0x00007ffd4bc50000 - 0x00007ffd4bc5b000 	C:\Program Files\Android\Android Studio\jbr\bin\management_ext.dll
0x00007ffd5c510000 - 0x00007ffd5c518000 	C:\WINDOWS\System32\PSAPI.DLL
0x00007ffd34ee0000 - 0x00007ffd34f07000 	D:\gradle-user-home\native\1def1411415f61bf3af743bc5b6707747c0891f09f0c88961ee8f79bc544acac\windows-amd64\native-platform.dll
0x00007ffd59480000 - 0x00007ffd594b2000 	C:\WINDOWS\SYSTEM32\IPHLPAPI.DLL
0x00007ffd5c370000 - 0x00007ffd5c37a000 	C:\WINDOWS\System32\NSI.dll
0x00007ffd47b10000 - 0x00007ffd47b19000 	C:\Program Files\Android\Android Studio\jbr\bin\extnet.dll
0x00007ffd5a3f0000 - 0x00007ffd5a40b000 	C:\WINDOWS\SYSTEM32\CRYPTSP.dll
0x00007ffd59a00000 - 0x00007ffd59a39000 	C:\WINDOWS\system32\rsaenh.dll
0x00007ffd5a0a0000 - 0x00007ffd5a0d3000 	C:\WINDOWS\SYSTEM32\USERENV.dll
0x00007ffd5ac40000 - 0x00007ffd5ac6a000 	C:\WINDOWS\SYSTEM32\bcrypt.dll
0x00007ffd5a250000 - 0x00007ffd5a25c000 	C:\WINDOWS\SYSTEM32\CRYPTBASE.dll
0x00007ffd3d6b0000 - 0x00007ffd3d6b8000 	C:\WINDOWS\system32\wshunix.dll

JVMTI agents: none

dbghelp: loaded successfully - version: 4.0.5 - missing functions: none
symbol engine: initialized successfully - sym options: 0x614 - pdb path: .;C:\Program Files\Android\Android Studio\jbr\bin;C:\WINDOWS\SYSTEM32;C:\WINDOWS\WinSxS\amd64_microsoft.windows.common-controls_6595b64144ccf1df_6.0.26100.8115_none_3e075c82e3354f9c;C:\Program Files\Android\Android Studio\jbr\bin\server;D:\gradle-user-home\native\1def1411415f61bf3af743bc5b6707747c0891f09f0c88961ee8f79bc544acac\windows-amd64

VM Arguments:
jvm_args: -Xmx64m -Xms64m -Dorg.gradle.appname=gradlew 
java_command: D:\GitHub\next13-ecommerce-admin\mobile\android\\gradle\wrapper\gradle-wrapper.jar assembleDebug assembleAndroidTest -DtestBuildType=debug
java_class_path (initial): D:\GitHub\next13-ecommerce-admin\mobile\android\\gradle\wrapper\gradle-wrapper.jar
Launcher Type: SUN_STANDARD

[Global flags]
     intx CICompilerCount                          = 4                                         {product} {ergonomic}
     uint ConcGCThreads                            = 2                                         {product} {ergonomic}
     uint G1ConcRefinementThreads                  = 8                                         {product} {ergonomic}
   size_t G1HeapRegionSize                         = 1048576                                   {product} {ergonomic}
    uintx GCDrainStackTargetSize                   = 64                                        {product} {ergonomic}
   size_t InitialHeapSize                          = 67108864                                  {product} {command line}
   size_t MarkStackSize                            = 4194304                                   {product} {ergonomic}
   size_t MaxHeapSize                              = 67108864                                  {product} {command line}
   size_t MaxNewSize                               = 39845888                                  {product} {ergonomic}
   size_t MinHeapDeltaBytes                        = 1048576                                   {product} {ergonomic}
   size_t MinHeapSize                              = 67108864                                  {product} {command line}
    uintx NonNMethodCodeHeapSize                   = 5839372                                {pd product} {ergonomic}
    uintx NonProfiledCodeHeapSize                  = 122909434                              {pd product} {ergonomic}
    uintx ProfiledCodeHeapSize                     = 122909434                              {pd product} {ergonomic}
    uintx ReservedCodeCacheSize                    = 251658240                              {pd product} {ergonomic}
     bool SegmentedCodeCache                       = true                                      {product} {ergonomic}
   size_t SoftMaxHeapSize                          = 67108864                               {manageable} {ergonomic}
     bool UseCompressedOops                        = true                           {product lp64_product} {ergonomic}
     bool UseG1GC                                  = true                                      {product} {ergonomic}
     bool UseLargePagesIndividualAllocation        = false                                  {pd product} {ergonomic}

Logging:
Log output configuration:
 #0: stdout all=warning uptime,level,tags foldmultilines=false
 #1: stderr all=off uptime,level,tags foldmultilines=false

Release file:
JAVA_VERSION="21.0.10" 
MODULES="java.base java.compiler java.datatransfer java.xml java.prefs java.desktop java.instrument java.logging java.management java.security.sasl java.naming java.rmi java.management.rmi java.net.http java.scripting java.security.jgss java.transaction.xa java.sql java.sql.rowset java.xml.crypto java.se java.smartcardio jdk.accessibility jdk.internal.jvmstat jdk.attach jdk.charsets jdk.internal.opt jdk.zipfs jdk.compiler jdk.crypto.ec jdk.crypto.cryptoki jdk.dynalink jdk.hotspot.agent jdk.httpserver jdk.internal.ed jdk.internal.le jdk.internal.vm.ci jdk.jartool jdk.javadoc jdk.jcmd jdk.jdeps jdk.jdwp.agent jdk.jdi jdk.jfr jdk.jlink jdk.jsobject jdk.localedata jdk.management jdk.management.agent jdk.management.jfr jdk.naming.dns jdk.naming.rmi jdk.net jdk.sctp jdk.security.auth jdk.security.jgss jdk.unsupported jdk.unsupported.desktop jdk.xml.dom" 
IMPLEMENTOR="JetBrains s.r.o." 
JAVA_RUNTIME_VERSION="21.0.10+-14961533-b1163.108" 
LIBC="default" 
OS_ARCH="x86_64" 
OS_NAME="Windows" 
SOURCE=".:git:1351622c2ff2" 

Environment Variables:
JAVA_HOME=C:\Program Files\Android\Android Studio\jbr
PATH=D:\GitHub\next13-ecommerce-admin\mobile\node_modules\.bin;D:\GitHub\next13-ecommerce-admin\node_modules\.bin;D:\GitHub\node_modules\.bin;D:\node_modules\.bin;C:\Program Files\nodejs\node_modules\npm\node_modules\@npmcli\run-script\lib\node-gyp-bin;C:\Program Files\Android\Android Studio\jbr\bin;C:\Users\rusha\AppData\Local\Android\Sdk\platform-tools;C:\Program Files\Android\Android Studio\jbr\bin;C:\Users\rusha\AppData\Local\Android\Sdk\platform-tools;c:\Users\rusha\AppData\Local\Programs\cursor\resources\app\resources\helpers;C:\Program Files\Google\Chrome\Application;C:\Python314\Scripts\;C:\Python314\;C:\WINDOWS\system32;C:\WINDOWS;C:\WINDOWS\System32\Wbem;C:\WINDOWS\System32\WindowsPowerShell\v1.0\;C:\WINDOWS\System32\OpenSSH\;C:\Program Files\Git\cmd;C:\Program Files\nodejs\;C:\ProgramData\chocolatey\bin;C:\Program Files\GitHub CLI\;C:\Users\rusha\.local\bin;C:\Users\rusha\AppData\Local\Microsoft\WindowsApps;C:\Users\rusha\AppData\Local\Programs\Microsoft VS Code\bin;C:\Users\rusha\AppData\Roaming\npm;C:\Users\rusha\AppData\Local\GitHubDesktop\bin;C:\Users\rusha\AppData\Local\Microsoft\WinGet\Links;C:\Users\rusha\AppData\Local\Programs\Antigravity\bin
USERNAME=rusha
TERM=dumb
OS=Windows_NT
PROCESSOR_IDENTIFIER=Intel64 Family 6 Model 142 Stepping 12, GenuineIntel
TMP=C:\Users\rusha\AppData\Local\Temp
TEMP=C:\Users\rusha\AppData\Local\Temp




Periodic native trim disabled

JNI global refs:
JNI global refs: 21, weak refs: 0

JNI global refs memory usage: 835, weak refs: 833

Process memory usage:
Resident Set Size: 51572K (0% of 16587612K total physical memory with 1624032K free physical memory)

OOME stack traces (most recent first):
Classloader memory used:
Loader bootstrap                                                                       : 13748K
Loader org.gradle.internal.classloader.VisitableURLClassLoader                         : 4604K
Loader java.net.URLClassLoader                                                         : 235K
Loader jdk.internal.loader.ClassLoaders$PlatformClassLoader                            : 110K
Loader jdk.internal.loader.ClassLoaders$AppClassLoader                                 : 100K
Loader jdk.internal.reflect.DelegatingClassLoader                                      : 45032B

Classes loaded by more than one classloader:
Class org.gradle.cli.CommandLineParser                                                : loaded 2 times (x 79B)
Class org.gradle.internal.service.UnknownServiceException                             : loaded 2 times (x 83B)
Class org.gradle.cli.CommandLineArgumentException                                     : loaded 2 times (x 82B)
Class org.gradle.cli.CommandLineParser$KnownOptionParserState                         : loaded 2 times (x 76B)
Class org.gradle.internal.InternalTransformer                                         : loaded 2 times (x 70B)
Class org.gradle.internal.classpath.DefaultClassPath$ImmutableUniqueList              : loaded 2 times (x 199B)
Class org.gradle.cli.CommandLineParser$OptionAwareParserState                         : loaded 2 times (x 77B)
Class org.gradle.cli.ParsedCommandLine                                                : loaded 2 times (x 80B)
Class org.gradle.internal.classpath.ClassPath                                         : loaded 2 times (x 70B)
Class org.gradle.cli.CommandLineParser$UnknownOptionParserState                       : loaded 2 times (x 76B)
Class org.gradle.cli.ParsedCommandLineOption                                          : loaded 2 times (x 76B)
Class org.gradle.api.UncheckedIOException                                             : loaded 2 times (x 82B)
Class org.gradle.api.internal.classpath.ModuleRegistry                                : loaded 2 times (x 70B)
Class org.gradle.internal.installation.GradleInstallation$1                           : loaded 2 times (x 75B)
Class org.gradle.cli.CommandLineOption                                                : loaded 2 times (x 86B)
Class org.gradle.cli.CommandLineParser$BeforeFirstSubCommand                          : loaded 2 times (x 77B)
Class org.gradle.internal.service.ServiceLookupException                              : loaded 2 times (x 82B)
Class org.gradle.cli.CommandLineParser$OptionParserState                              : loaded 2 times (x 75B)
Class org.gradle.internal.classloader.ClasspathUtil                                   : loaded 2 times (x 71B)
Class org.gradle.api.specs.Spec                                                       : loaded 2 times (x 70B)
Class org.gradle.internal.classpath.DefaultClassPath                                  : loaded 2 times (x 90B)
Class org.gradle.internal.Cast                                                        : loaded 2 times (x 71B)
Class org.gradle.api.Action                                                           : loaded 2 times (x 70B)
Class org.gradle.api.GradleException                                                  : loaded 2 times (x 82B)
Class org.gradle.internal.IoActions                                                   : loaded 2 times (x 71B)
Class org.gradle.cli.CommandLineParser$ParserState                                    : loaded 2 times (x 76B)
Class org.gradle.internal.installation.CurrentGradleInstallationLocator               : loaded 2 times (x 71B)
Class org.gradle.internal.installation.CurrentGradleInstallation                      : loaded 2 times (x 73B)
Class org.gradle.util.internal.GUtil                                                  : loaded 2 times (x 71B)
Class org.gradle.cli.CommandLineParser$AfterOptions                                   : loaded 2 times (x 77B)
Class org.gradle.internal.installation.GradleInstallation                             : loaded 2 times (x 75B)

---------------  S Y S T E M  ---------------

OS:
 Windows 11 , 64 bit Build 26100 (10.0.26100.8246)
OS uptime: 8 days 18:40 hours
Hyper-V role detected

CPU: total 8 (initial active 8) (4 cores per cpu, 2 threads per core) family 6 model 142 stepping 12 microcode 0x100, cx8, cmov, fxsr, ht, mmx, 3dnowpref, sse, sse2, sse3, ssse3, sse4.1, sse4.2, popcnt, lzcnt, tsc, tscinvbit, avx, avx2, aes, erms, clmul, bmi1, bmi2, adx, fma, vzeroupper, clflush, clflushopt, hv, rdtscp, f16c
Processor Information for the first 8 processors :
  Max Mhz: 1800, Current Mhz: 1600, Mhz Limit: 1584

Memory: 4k page, system-wide physical 16198M (1585M free)
TotalPageFile size 34145M (AvailPageFile size 1M)
current process WorkingSet (physical memory assigned to process): 50M, peak: 122M
current process commit charge ("private bytes"): 166M, peak: 178M

vm_info: OpenJDK 64-Bit Server VM (21.0.10+-14961533-b1163.108) for windows-amd64 JRE (21.0.10+-14961533-b1163.108), built on 2026-03-02T19:58:50Z by "builder" with MS VC++ 16.10 / 16.11 (VS2019)

END.
