07:41:43.240 detox[7376] B lifecycle node_modules\detox\local-cli\cli.js test --configuration android.att.debug
  data: {
    "id": "f2200d54-fae8-4ef0-f319-df2bf4368229",
    "detoxConfig": {
      "configurationName": "android.att.debug",
      "apps": {
        "default": {
          "type": "android.apk",
          "binaryPath": "android/app/build/outputs/apk/debug/app-debug.apk",
          "build": "cd android && gradlew.bat assembleDebug assembleAndroidTest -DtestBuildType=debug"
        }
      },
      "artifacts": {
        "rootDir": "artifacts\\android.att.debug.2026-05-10 02-11-43Z",
        "plugins": {
          "log": {
            "enabled": true,
            "keepOnlyFailedTestsArtifacts": false
          },
          "screenshot": {
            "enabled": true,
            "shouldTakeAutomaticSnapshots": true,
            "keepOnlyFailedTestsArtifacts": true
          },
          "video": {
            "enabled": true,
            "keepOnlyFailedTestsArtifacts": true
          },
          "instruments": {
            "enabled": false,
            "keepOnlyFailedTestsArtifacts": false
          },
          "uiHierarchy": {
            "enabled": false,
            "keepOnlyFailedTestsArtifacts": false
          }
        }
      },
      "behavior": {
        "init": {
          "keepLockFile": false,
          "reinstallApp": true,
          "exposeGlobals": true
        },
        "cleanup": {
          "shutdownDevice": false
        },
        "launchApp": "auto"
      },
      "cli": {
        "configuration": "android.att.debug",
        "start": true
      },
      "commands": [
        {
          "appName": "default",
          "build": "cd android && gradlew.bat assembleDebug assembleAndroidTest -DtestBuildType=debug"
        }
      ],
      "device": {
        "type": "android.attached",
        "device": {
          "adbName": ".*"
        }
      },
      "logger": {
        "level": "trace",
        "overrideConsole": true,
        "options": {
          "showLoggerName": true,
          "showPid": true,
          "showLevel": false,
          "showMetadata": false,
          "basepath": "D:\\GitHub\\next13-ecommerce-admin\\mobile\\node_modules\\detox\\src",
          "prefixers": {},
          "stringifiers": {}
        }
      },
      "testRunner": {
        "retries": 0,
        "forwardEnv": false,
        "detached": false,
        "bail": false,
        "noRetryArgs": [
          "shard"
        ],
        "jest": {
          "setupTimeout": 300000,
          "teardownTimeout": 30000,
          "retryAfterCircusRetries": false,
          "reportWorkerAssign": true
        },
        "args": {
          "$0": "jest",
          "_": [
            "e2e"
          ],
          "config": "e2e/jest.config.js",
          "--": []
        },
        "$0": "jest"
      },
      "session": {
        "autoStart": true,
        "debugSynchronization": 10000
      }
    },
    "detoxIPCServer": "primary-7376",
    "testResults": [],
    "testSessionIndex": 0,
    "workersCount": 0
  }
07:41:43.323 detox[7376] i ipc Server path not specified, so defaulting to ipc.config.socketRoot + ipc.config.appspace + ipc.config.id /tmp/detox.primary-7376
07:41:43.328 detox[7376] i ipc starting server on  /tmp/detox.primary-7376 
07:41:43.329 detox[7376] i ipc starting TLS server false
07:41:43.332 detox[7376] i ipc starting server as Unix || Windows Socket
07:41:43.341 detox[7376] i ws-server Detox server listening on localhost:64362...
07:41:43.357 detox[7376] i lifecycle Serialized the session state at: C:\Users\rusha\AppData\Local\Temp\f2200d54-fae8-4ef0-f319-df2bf4368229.detox.json
07:41:43.365 detox[7376] B lifecycle jest --config e2e/jest.config.js e2e
07:41:45.558 detox[13364] i ipc Service path not specified, so defaulting to ipc.config.socketRoot + ipc.config.appspace + id 
07:41:45.564 detox[13364] i ipc requested connection to  primary-7376 /tmp/detox.primary-7376
07:41:45.565 detox[13364] i ipc Connecting client on Unix Socket : /tmp/detox.primary-7376
07:41:45.572 detox[7376] i ipc ## socket connection to server detected ##
07:41:45.573 detox[13364] i ipc retrying reset
07:41:45.577 detox[13364] i ipc dispatching event to  primary-7376 /tmp/detox.primary-7376  :  registerContext , { id: 'secondary-13364' }
07:41:45.584 detox[7376] i ipc received event of :  registerContext { id: 'secondary-13364' }
07:41:45.586 detox[7376] i ipc dispatching event to socket  :  registerContextDone {
  testResults: [],
  testSessionIndex: 0,
  unsafe_earlyTeardown: undefined
}
07:41:45.591 detox[13364] i ipc ## received events ##
07:41:45.593 detox[13364] i ipc detected event registerContextDone { testResults: [], testSessionIndex: 0 }
07:41:45.988 detox[13364] B lifecycle e2e\profileFlow.test.js
07:41:46.063 detox[13364] B lifecycle set up environment
07:41:46.068 detox[13364] i ipc dispatching event to  primary-7376 /tmp/detox.primary-7376  :  registerWorker , { workerId: 'w1' }
07:41:46.070 detox[7376] i ipc received event of :  registerWorker { workerId: 'w1' }
07:41:46.071 detox[7376] i ipc dispatching event to socket  :  registerWorkerDone { workersCount: 1 }
07:41:46.073 detox[7376] i ipc broadcasting event to all known sockets listening to  \\.\pipe\tmp-detox.primary-7376  :   sessionStateUpdate { workersCount: 1 }
07:41:46.074 detox[13364] i ipc ## received events ##
07:41:46.075 detox[13364] i ipc detected event registerWorkerDone { workersCount: 1 }
07:41:46.862 detox[13364] i ipc ## received events ##
07:41:46.864 detox[13364] i ipc detected event sessionStateUpdate { workersCount: 1 }
07:41:46.878 detox[7376] B ws-server@50311 connection :64362<->:50311
07:41:46.884 detox[13364] i ws-client opened web socket to: ws://localhost:64362
07:41:46.893 detox[13364] i ws-client send message
  data: {"type":"login","params":{"sessionId":"1c291fdf-069d-b3f1-c2d4-bcc315b6f69a","role":"tester"},"messageId":0}
07:41:46.898 detox[7376] i ws-server@50311 get
  data: {"type":"login","params":{"sessionId":"1c291fdf-069d-b3f1-c2d4-bcc315b6f69a","role":"tester"},"messageId":0}
07:41:46.900 detox[7376] i ws-server created session 1c291fdf-069d-b3f1-c2d4-bcc315b6f69a
07:41:46.902 detox[7376] i ws-server@50311 send
  data: {
    "type": "loginSuccess",
    "params": {
      "testerConnected": true,
      "appConnected": false
    },
    "messageId": 0
  }
07:41:46.906 detox[7376] i ws-server tester joined session 1c291fdf-069d-b3f1-c2d4-bcc315b6f69a
07:41:46.909 detox[13364] i ws-client get message
  data: {"type":"loginSuccess","params":{"testerConnected":true,"appConnected":false},"messageId":0}
   
07:41:47.128 detox[13364] i ipc dispatching event to  primary-7376 /tmp/detox.primary-7376  :  allocateDevice , {
  deviceConfig: { type: 'android.attached', device: { adbName: '.*' } }
}
07:41:47.130 detox[7376] i ipc received event of :  allocateDevice {
  deviceConfig: { type: 'android.attached', device: { adbName: '.*' } }
}
07:41:47.283 detox[7376] B device init
  args: ()
07:41:47.296 detox[7376] E device init
07:41:47.298 detox[7376] B device@0 allocate
  data: {
    "type": "android.attached",
    "device": {
      "adbName": ".*"
    }
  }
07:41:47.304 detox[7376] i child-process:EXEC_CMD "C:\Users\rusha\AppData\Local\Android\Sdk\platform-tools\adb.EXE"  devices
07:41:47.432 detox[7376] i child-process:EXEC_SUCCESS List of devices attached
emulator-5554	device


07:41:47.436 detox[7376] i device:DEVICE_LOOKUP Found a matching & free device emulator-5554
07:41:47.439 detox[7376] i device settled on emulator-5554
  data: {
    "id": "emulator-5554",
    "adbName": "emulator-5554"
  }
07:41:47.440 detox[7376] E device@0 allocate
07:41:47.440 detox[7376] B device@0 post-allocate: emulator-5554
  data: {
    "id": "emulator-5554",
    "adbName": "emulator-5554"
  }
07:41:47.442 detox[7376] i child-process:EXEC_CMD "C:\Users\rusha\AppData\Local\Android\Sdk\platform-tools\adb.EXE" -s emulator-5554 shell "getprop ro.build.version.sdk"
07:41:47.687 detox[7376] i child-process:EXEC_SUCCESS 37

07:41:47.689 detox[7376] i child-process:EXEC_CMD "C:\Users\rusha\AppData\Local\Android\Sdk\platform-tools\adb.EXE" -s emulator-5554 shell "dumpsys power | grep \"^[ ]*m[UW].*=\""
07:41:47.995 detox[7376] i child-process:EXEC_SUCCESS   mWakefulness=Awake
  mWakefulnessChanging=false
  mUseAutoSuspend=true
  mWakeLockSummary=0x23
  mWakeUpWhenPluggedOrUnpluggedConfig=false
  mWakeUpWhenPluggedOrUnpluggedInTheaterModeConfig=false
  mDreamsBatteryLevelMinimumWhenPoweredConfig=-1
  mDreamsBatteryLevelMinimumWhenNotPoweredConfig=15
  mUserActivityTimeoutOverrideFromWindowManager=-1
  mUserInactiveOverrideFromWindowManager=false
  mUseNormalBrightnessForDoze=false
  mUserId=0
  mWakeUpDelegate=null
mWakeLockSummary=0x23
mWakefulness=1
  mUserInteractionBackoffMillis=60000

07:41:47.997 detox[7376] E device@0 post-allocate: emulator-5554
07:41:47.998 detox[7376] i ipc dispatching event to socket  :  allocateDeviceDone { deviceCookie: { id: 'emulator-5554', adbName: 'emulator-5554' } }
07:41:48.000 detox[13364] i ipc ## received events ##
07:41:48.002 detox[13364] i ipc detected event allocateDeviceDone { deviceCookie: { id: 'emulator-5554', adbName: 'emulator-5554' } }
07:41:48.219 detox[13364] B artifacts-manager onBootDevice
  args: ({"deviceId":"emulator-5554"})
07:41:48.222 detox[13364] E artifacts-manager onBootDevice
07:41:48.225 detox[13364] B device installUtilBinaries
  args: ()
07:41:48.227 detox[13364] E device installUtilBinaries
07:41:48.231 detox[13364] B device selectApp
  args: ("default")
07:41:48.241 detox[13364] i child-process:EXEC_CMD "C:\Users\rusha\AppData\Local\Android\Sdk\build-tools\37.0.0\aapt.EXE" dump badging "D:\GitHub\next13-ecommerce-admin\mobile\android\app\build\outputs\apk\debug\app-debug.apk"
07:41:49.131 detox[13364] i child-process:EXEC_SUCCESS package: name='com.aagamholidays.app' versionCode='1' versionName='1.0.1' platformBuildVersionName='16' platformBuildVersionCode='36' compileSdkVersion='36' compileSdkVersionCodename='16'
sdkVersion:'24'
targetSdkVersion:'36'
uses-permission: name='android.permission.SYSTEM_ALERT_WINDOW'
uses-permission: name='android.permission.ACCESS_COARSE_LOCATION'
uses-permission: name='android.permission.ACCESS_FINE_LOCATION'
uses-permission: name='android.permission.CAMERA'
uses-permission: name='android.permission.INTERNET'
uses-permission: name='android.permission.READ_EXTERNAL_STORAGE' maxSdkVersion='32'
uses-permission: name='android.permission.RECORD_AUDIO'
uses-permission: name='android.permission.VIBRATE'
uses-permission: name='android.permission.WRITE_EXTERNAL_STORAGE' maxSdkVersion='32'
uses-permission: name='android.permission.ACCESS_NETWORK_STATE'
uses-permission: name='android.permission.ACCESS_WIFI_STATE'
uses-permission: name='android.permission.RECEIVE_BOOT_COMPLETED'
uses-permission: name='android.permission.POST_NOTIFICATIONS'
uses-permission: name='android.permission.USE_BIOMETRIC'
uses-permission: name='android.permission.USE_FINGERPRINT'
uses-permission: name='android.permission.WAKE_LOCK'
uses-permission: name='com.google.android.c2dm.permission.RECEIVE'
uses-permission: name='com.aagamholidays.app.DYNAMIC_RECEIVER_NOT_EXPORTED_PERMISSION'
uses-permission: name='com.google.android.finsky.permission.BIND_GET_INSTALL_REFERRER_SERVICE'
uses-permission: name='com.sec.android.provider.badge.permission.READ'
uses-permission: name='com.sec.android.provider.badge.permission.WRITE'
uses-permission: name='com.htc.launcher.permission.READ_SETTINGS'
uses-permission: name='com.htc.launcher.permission.UPDATE_SHORTCUT'
uses-permission: name='com.sonyericsson.home.permission.BROADCAST_BADGE'
uses-permission: name='com.sonymobile.home.permission.PROVIDER_INSERT_BADGE'
uses-permission: name='com.anddoes.launcher.permission.UPDATE_COUNT'
uses-permission: name='com.majeur.launcher.permission.UPDATE_BADGE'
uses-permission: name='com.huawei.android.launcher.permission.CHANGE_BADGE'
uses-permission: name='com.huawei.android.launcher.permission.READ_SETTINGS'
uses-permission: name='com.huawei.android.launcher.permission.WRITE_SETTINGS'
uses-permission: name='android.permission.READ_APP_BADGE'
uses-permission: name='com.oppo.launcher.permission.READ_SETTINGS'
uses-permission: name='com.oppo.launcher.permission.WRITE_SETTINGS'
uses-permission: name='me.everything.badger.permission.BADGE_COUNT_READ'
uses-permission: name='me.everything.badger.permission.BADGE_COUNT_WRITE'
application-label:'Aagam Holidays'
application-label-af:'Aagam Holidays'
application-label-am:'Aagam Holidays'
application-label-ar:'Aagam Holidays'
application-label-as:'Aagam Holidays'
application-label-az:'Aagam Holidays'
application-label-be:'Aagam Holidays'
application-label-bg:'Aagam Holidays'
application-label-bn:'Aagam Holidays'
application-label-bs:'Aagam Holidays'
application-label-ca:'Aagam Holidays'
application-label-cs:'Aagam Holidays'
application-label-da:'Aagam Holidays'
application-label-de:'Aagam Holidays'
application-label-el:'Aagam Holidays'
application-label-en-AU:'Aagam Holidays'
application-label-en-CA:'Aagam Holidays'
application-label-en-GB:'Aagam Holidays'
application-label-en-IN:'Aagam Holidays'
application-label-en-XC:'Aagam Holidays'
application-label-es:'Aagam Holidays'
application-label-es-419:'Aagam Holidays'
application-label-es-ES:'Aagam Holidays'
application-label-es-GT:'Aagam Holidays'
application-label-es-US:'Aagam Holidays'
application-label-et:'Aagam Holidays'
application-label-eu:'Aagam Holidays'
application-label-fa:'Aagam Holidays'
application-label-fi:'Aagam Holidays'
application-label-fr:'Aagam Holidays'
application-label-fr-CA:'Aagam Holidays'
application-label-gl:'Aagam Holidays'
application-label-gu:'Aagam Holidays'
application-label-hi:'Aagam Holidays'
application-label-hr:'Aagam Holidays'
application-label-hu:'Aagam Holidays'
application-label-hy:'Aagam Holidays'
application-label-in:'Aagam Holidays'
application-label-is:'Aagam Holidays'
application-label-it:'Aagam Holidays'
application-label-iw:'Aagam Holidays'
application-label-ja:'Aagam Holidays'
application-label-ka:'Aagam Holidays'
application-label-kk:'Aagam Holidays'
application-label-km:'Aagam Holidays'
application-label-kn:'Aagam Holidays'
application-label-ko:'Aagam Holidays'
application-label-ky:'Aagam Holidays'
application-label-lo:'Aagam Holidays'
application-label-lt:'Aagam Holidays'
application-label-lv:'Aagam Holidays'
application-label-mk:'Aagam Holidays'
application-label-ml:'Aagam Holidays'
application-label-mn:'Aagam Holidays'
application-label-mr:'Aagam Holidays'
application-label-ms:'Aagam Holidays'
application-label-my:'Aagam Holidays'
application-label-nb:'Aagam Holidays'
application-label-ne:'Aagam Holidays'
application-label-nl:'Aagam Holidays'
application-label-or:'Aagam Holidays'
application-label-pa:'Aagam Holidays'
application-label-pl:'Aagam Holidays'
application-label-pt:'Aagam Holidays'
application-label-pt-BR:'Aagam Holidays'
application-label-pt-PT:'Aagam Holidays'
application-label-ro:'Aagam Holidays'
application-label-ru:'Aagam Holidays'
application-label-ru-RU:'Aagam Holidays'
application-label-si:'Aagam Holidays'
application-label-sk:'Aagam Holidays'
application-label-sl:'Aagam Holidays'
application-label-sq:'Aagam Holidays'
application-label-sr:'Aagam Holidays'
application-label-sr-Latn:'Aagam Holidays'
application-label-sv:'Aagam Holidays'
application-label-sw:'Aagam Holidays'
application-label-ta:'Aagam Holidays'
application-label-te:'Aagam Holidays'
application-label-th:'Aagam Holidays'
application-label-tl:'Aagam Holidays'
application-label-tr:'Aagam Holidays'
application-label-uk:'Aagam Holidays'
application-label-ur:'Aagam Holidays'
application-label-uz:'Aagam Holidays'
application-label-vi:'Aagam Holidays'
application-label-zh:'Aagam Holidays'
application-label-zh-CN:'Aagam Holidays'
application-label-zh-HK:'Aagam Holidays'
application-label-zh-TW:'Aagam Holidays'
application-label-zu:'Aagam Holidays'
application-icon-120:'res/mipmap-anydpi-v26/ic_launcher.xml'
application-icon-160:'res/mipmap-anydpi-v26/ic_launcher.xml'
application-icon-240:'res/mipmap-anydpi-v26/ic_launcher.xml'
application-icon-320:'res/mipmap-anydpi-v26/ic_launcher.xml'
application-icon-480:'res/mipmap-anydpi-v26/ic_launcher.xml'
application-icon-640:'res/mipmap-anydpi-v26/ic_launcher.xml'
application-icon-65534:'res/mipmap-anydpi-v26/ic_launcher.xml'
application: label='Aagam Holidays' icon='res/mipmap-anydpi-v26/ic_launcher.xml'
application-debuggable
launchable-activity: name='com.aagamholidays.app.MainActivity'  label='' icon=''
uses-library-not-required:'androidx.window.extensions'
uses-library-not-required:'androidx.window.sidecar'
feature-group: label=''
  uses-feature: name='android.hardware.camera'
  uses-implied-feature: name='android.hardware.camera' reason='requested android.permission.CAMERA permission'
  uses-feature: name='android.hardware.faketouch'
  uses-implied-feature: name='android.hardware.faketouch' reason='default feature for all apps'
  uses-feature: name='android.hardware.location'
  uses-implied-feature: name='android.hardware.location' reason='requested android.permission.ACCESS_COARSE_LOCATION permission, and requested android.permission.ACCESS_FINE_LOCATION permission'
  uses-feature: name='android.hardware.microphone'
  uses-implied-feature: name='android.hardware.microphone' reason='requested android.permission.RECORD_AUDIO permission'
  uses-feature: name='android.hardware.screen.portrait'
  uses-implied-feature: name='android.hardware.screen.portrait' reason='one or more activities have specified a portrait orientation'
  uses-feature: name='android.hardware.wifi'
  uses-implied-feature: name='android.hardware.wifi' reason='requested android.permission.ACCESS_WIFI_STATE permission'
main
other-activities
other-receivers
other-services
supports-screens: 'small' 'normal' 'large' 'xlarge'
supports-any-density: 'true'
locales: '--_--' 'af' 'am' 'ar' 'as' 'az' 'be' 'bg' 'bn' 'bs' 'ca' 'cs' 'da' 'de' 'el' 'en-AU' 'en-CA' 'en-GB' 'en-IN' 'en-XC' 'es' 'es-419' 'es-ES' 'es-GT' 'es-US' 'et' 'eu' 'fa' 'fi' 'fr' 'fr-CA' 'gl' 'gu' 'hi' 'hr' 'hu' 'hy' 'in' 'is' 'it' 'iw' 'ja' 'ka' 'kk' 'km' 'kn' 'ko' 'ky' 'lo' 'lt' 'lv' 'mk' 'ml' 'mn' 'mr' 'ms' 'my' 'nb' 'ne' 'nl' 'or' 'pa' 'pl' 'pt' 'pt-BR' 'pt-PT' 'ro' 'ru' 'ru-RU' 'si' 'sk' 'sl' 'sq' 'sr' 'sr-Latn' 'sv' 'sw' 'ta' 'te' 'th' 'tl' 'tr' 'uk' 'ur' 'uz' 'vi' 'zh' 'zh-CN' 'zh-HK' 'zh-TW' 'zu'
densities: '120' '160' '240' '320' '480' '640' '65534'
native-code: 'arm64-v8a' 'x86_64'

07:41:49.133 detox[13364] E device selectApp
07:41:49.134 detox[13364] B device uninstallApp
  args: ()
07:41:49.135 detox[13364] B artifacts-manager onBeforeUninstallApp
  args: ({"deviceId":"emulator-5554","bundleId":"com.aagamholidays.app"})
07:41:49.137 detox[13364] E artifacts-manager onBeforeUninstallApp
07:41:49.139 detox[13364] i child-process:EXEC_CMD "C:\Users\rusha\AppData\Local\Android\Sdk\platform-tools\adb.EXE" -s emulator-5554 shell "pm list packages com.aagamholidays.app"
07:41:49.366 detox[13364] i child-process:EXEC_SUCCESS package:com.aagamholidays.app

07:41:49.367 detox[13364] i child-process:EXEC_CMD "C:\Users\rusha\AppData\Local\Android\Sdk\platform-tools\adb.EXE" -s emulator-5554 uninstall com.aagamholidays.app
07:41:50.798 detox[13364] i child-process:EXEC_SUCCESS Success

07:41:50.800 detox[13364] i child-process:EXEC_CMD "C:\Users\rusha\AppData\Local\Android\Sdk\platform-tools\adb.EXE" -s emulator-5554 shell "pm list packages com.aagamholidays.app.test"
07:41:51.445 detox[13364] i child-process:EXEC_SUCCESS 
07:41:51.446 detox[13364] E device uninstallApp
07:41:51.448 detox[13364] B device selectApp
  args: ("default")
07:41:51.453 detox[13364] B device terminateApp
  args: ()
07:41:51.455 detox[13364] B artifacts-manager onBeforeTerminateApp
  args: ({"deviceId":"emulator-5554","bundleId":"com.aagamholidays.app"})
07:41:51.456 detox[13364] E artifacts-manager onBeforeTerminateApp
07:41:51.458 detox[13364] i child-process:EXEC_CMD "C:\Users\rusha\AppData\Local\Android\Sdk\platform-tools\adb.EXE" -s emulator-5554 shell "am force-stop com.aagamholidays.app"
07:41:51.849 detox[13364] i child-process:EXEC_SUCCESS 
07:41:51.850 detox[13364] B artifacts-manager onTerminateApp
  args: ({"deviceId":"emulator-5554","bundleId":"com.aagamholidays.app"})
07:41:51.851 detox[13364] E artifacts-manager onTerminateApp
07:41:51.852 detox[13364] E device terminateApp
07:41:51.853 detox[13364] E device selectApp
07:41:51.855 detox[13364] B device installApp
  args: ()
07:41:51.859 detox[13364] E device installApp
  error: The test APK could not be found at path: 'D:\GitHub\next13-ecommerce-admin\mobile\android\app\build\outputs\apk\androidTest\debug\app-debug-androidTest.apk'
  
  HINT: Try running the detox build command, and make sure it was configured to execute a build command (e.g. './gradlew assembleAndroidTest')
  For further assistance, visit the project setup guide (select the Android tabs): https://wix.github.io/Detox/docs/introduction/project-setup
07:41:51.862 detox[13364] E lifecycle set up environment
  error: The test APK could not be found at path: 'D:\GitHub\next13-ecommerce-admin\mobile\android\app\build\outputs\apk\androidTest\debug\app-debug-androidTest.apk'
  
  HINT: Try running the detox build command, and make sure it was configured to execute a build command (e.g. './gradlew assembleAndroidTest')
  For further assistance, visit the project setup guide (select the Android tabs): https://wix.github.io/Detox/docs/introduction/project-setup
07:41:51.864 detox[13364] B lifecycle tear down environment
07:41:51.868 detox[13364] B artifacts-manager onBeforeCleanup
  args: ()
07:41:51.882 detox[13364] i artifact:ARTIFACT_SAVE saving FileArtifact to: artifacts\android.att.debug.2026-05-10 02-11-43Z\detox_pid_13364.json.log { append: true }
07:41:51.889 detox[13364] i artifact:ARTIFACT_SAVE saving FileArtifact to: artifacts\android.att.debug.2026-05-10 02-11-43Z\detox_pid_13364.log { append: true }
07:41:51.891 detox[13364] E artifacts-manager onBeforeCleanup
07:41:51.907 detox[7376] i ws-server tester exited session 1c291fdf-069d-b3f1-c2d4-bcc315b6f69a
07:41:51.908 detox[7376] E ws-server@50311 connection :64362<->:50311
07:41:51.912 detox[13364] i ipc dispatching event to  primary-7376 /tmp/detox.primary-7376  :  deallocateDevice , { deviceCookie: { id: 'emulator-5554', adbName: 'emulator-5554' } }
07:41:51.915 detox[7376] i ipc received event of :  deallocateDevice { deviceCookie: { id: 'emulator-5554', adbName: 'emulator-5554' } }
07:41:51.917 detox[7376] B device@0 free: emulator-5554
  data: {}
07:41:51.926 detox[7376] E device@0 free: emulator-5554
07:41:51.927 detox[7376] i ipc dispatching event to socket  :  deallocateDeviceDone {}
07:41:51.929 detox[13364] i ipc ## received events ##
07:41:51.930 detox[13364] i ipc detected event deallocateDeviceDone {}
07:41:51.932 detox[13364] E lifecycle tear down environment
07:41:51.934 detox[13364] E lifecycle e2e\profileFlow.test.js
07:41:52.035 detox[13364] B lifecycle e2e\browsePackages.test.js
07:41:52.053 detox[13364] B lifecycle set up environment
07:41:52.055 detox[13364] i ipc dispatching event to  primary-7376 /tmp/detox.primary-7376  :  registerWorker , { workerId: 'w1' }
07:41:52.058 detox[7376] i ipc received event of :  registerWorker { workerId: 'w1' }
07:41:52.059 detox[7376] i ipc dispatching event to socket  :  registerWorkerDone { workersCount: 1 }
07:41:52.061 detox[13364] i ipc ## received events ##
07:41:52.063 detox[13364] i ipc detected event registerWorkerDone { workersCount: 1 }
07:41:52.074 detox[7376] B ws-server@53252 connection :64362<->:53252
07:41:52.075 detox[13364] i ws-client opened web socket to: ws://localhost:64362
07:41:52.077 detox[13364] i ws-client send message
  data: {"type":"login","params":{"sessionId":"1c291fdf-069d-b3f1-c2d4-bcc315b6f69a","role":"tester"},"messageId":0}
07:41:52.079 detox[7376] i ws-server@53252 get
  data: {"type":"login","params":{"sessionId":"1c291fdf-069d-b3f1-c2d4-bcc315b6f69a","role":"tester"},"messageId":0}
07:41:52.080 detox[7376] i ws-server created session 1c291fdf-069d-b3f1-c2d4-bcc315b6f69a
07:41:52.081 detox[7376] i ws-server@53252 send
  data: {
    "type": "loginSuccess",
    "params": {
      "testerConnected": true,
      "appConnected": false
    },
    "messageId": 0
  }
07:41:52.083 detox[13364] i ws-client get message
  data: {"type":"loginSuccess","params":{"testerConnected":true,"appConnected":false},"messageId":0}
   
07:41:52.083 detox[7376] i ws-server tester joined session 1c291fdf-069d-b3f1-c2d4-bcc315b6f69a
07:41:52.086 detox[13364] i ipc dispatching event to  primary-7376 /tmp/detox.primary-7376  :  allocateDevice , {
  deviceConfig: { type: 'android.attached', device: { adbName: '.*' } }
}
07:41:52.087 detox[7376] i ipc received event of :  allocateDevice {
  deviceConfig: { type: 'android.attached', device: { adbName: '.*' } }
}
07:41:52.089 detox[7376] B device@1 allocate
  data: {
    "type": "android.attached",
    "device": {
      "adbName": ".*"
    }
  }
07:41:52.093 detox[7376] i child-process:EXEC_CMD "C:\Users\rusha\AppData\Local\Android\Sdk\platform-tools\adb.EXE"  devices
07:41:52.266 detox[7376] i child-process:EXEC_SUCCESS List of devices attached
emulator-5554	device


07:41:52.268 detox[7376] i device:DEVICE_LOOKUP Found a matching & free device emulator-5554
07:41:52.273 detox[7376] i device settled on emulator-5554
  data: {
    "id": "emulator-5554",
    "adbName": "emulator-5554"
  }
07:41:52.274 detox[7376] E device@1 allocate
07:41:52.276 detox[7376] B device@1 post-allocate: emulator-5554
  data: {
    "id": "emulator-5554",
    "adbName": "emulator-5554"
  }
07:41:52.277 detox[7376] i child-process:EXEC_CMD "C:\Users\rusha\AppData\Local\Android\Sdk\platform-tools\adb.EXE" -s emulator-5554 shell "dumpsys power | grep \"^[ ]*m[UW].*=\""
07:41:53.396 detox[7376] i child-process:EXEC_SUCCESS   mWakefulness=Awake
  mWakefulnessChanging=false
  mUseAutoSuspend=true
  mWakeLockSummary=0x1
  mWakeUpWhenPluggedOrUnpluggedConfig=false
  mWakeUpWhenPluggedOrUnpluggedInTheaterModeConfig=false
  mDreamsBatteryLevelMinimumWhenPoweredConfig=-1
  mDreamsBatteryLevelMinimumWhenNotPoweredConfig=15
  mUserActivityTimeoutOverrideFromWindowManager=-1
  mUserInactiveOverrideFromWindowManager=false
  mUseNormalBrightnessForDoze=false
  mUserId=0
  mWakeUpDelegate=null
mWakeLockSummary=0x1
mWakefulness=1
  mUserInteractionBackoffMillis=60000

07:41:53.398 detox[7376] E device@1 post-allocate: emulator-5554
07:41:53.399 detox[7376] i ipc dispatching event to socket  :  allocateDeviceDone { deviceCookie: { id: 'emulator-5554', adbName: 'emulator-5554' } }
07:41:53.401 detox[13364] i ipc ## received events ##
07:41:53.402 detox[13364] i ipc detected event allocateDeviceDone { deviceCookie: { id: 'emulator-5554', adbName: 'emulator-5554' } }
07:41:53.405 detox[13364] B artifacts-manager onBootDevice
  args: ({"deviceId":"emulator-5554"})
07:41:53.408 detox[13364] E artifacts-manager onBootDevice
07:41:53.410 detox[13364] B device installUtilBinaries
  args: ()
07:41:53.412 detox[13364] E device installUtilBinaries
07:41:53.413 detox[13364] B device selectApp
  args: ("default")
07:41:53.414 detox[13364] E device selectApp
07:41:53.415 detox[13364] B device uninstallApp
  args: ()
07:41:53.416 detox[13364] B artifacts-manager onBeforeUninstallApp
  args: ({"deviceId":"emulator-5554","bundleId":"com.aagamholidays.app"})
07:41:53.418 detox[13364] E artifacts-manager onBeforeUninstallApp
07:41:53.419 detox[13364] i child-process:EXEC_CMD "C:\Users\rusha\AppData\Local\Android\Sdk\platform-tools\adb.EXE" -s emulator-5554 shell "pm list packages com.aagamholidays.app"
07:41:53.873 detox[13364] i child-process:EXEC_SUCCESS 
07:41:53.874 detox[13364] i child-process:EXEC_CMD "C:\Users\rusha\AppData\Local\Android\Sdk\platform-tools\adb.EXE" -s emulator-5554 shell "pm list packages com.aagamholidays.app.test"
07:41:54.196 detox[13364] i child-process:EXEC_SUCCESS 
07:41:54.197 detox[13364] E device uninstallApp
07:41:54.199 detox[13364] B device selectApp
  args: ("default")
07:41:54.200 detox[13364] B device terminateApp
  args: ()
07:41:54.201 detox[13364] B artifacts-manager onBeforeTerminateApp
  args: ({"deviceId":"emulator-5554","bundleId":"com.aagamholidays.app"})
07:41:54.203 detox[13364] E artifacts-manager onBeforeTerminateApp
07:41:54.204 detox[13364] i child-process:EXEC_CMD "C:\Users\rusha\AppData\Local\Android\Sdk\platform-tools\adb.EXE" -s emulator-5554 shell "am force-stop com.aagamholidays.app"
07:41:54.480 detox[13364] i child-process:EXEC_SUCCESS 
07:41:54.481 detox[13364] B artifacts-manager onTerminateApp
  args: ({"deviceId":"emulator-5554","bundleId":"com.aagamholidays.app"})
07:41:54.482 detox[13364] E artifacts-manager onTerminateApp
07:41:54.483 detox[13364] E device terminateApp
07:41:54.484 detox[13364] E device selectApp
07:41:54.485 detox[13364] B device installApp
  args: ()
07:41:54.488 detox[13364] E device installApp
  error: The test APK could not be found at path: 'D:\GitHub\next13-ecommerce-admin\mobile\android\app\build\outputs\apk\androidTest\debug\app-debug-androidTest.apk'
  
  HINT: Try running the detox build command, and make sure it was configured to execute a build command (e.g. './gradlew assembleAndroidTest')
  For further assistance, visit the project setup guide (select the Android tabs): https://wix.github.io/Detox/docs/introduction/project-setup
07:41:54.492 detox[13364] E lifecycle set up environment
  error: The test APK could not be found at path: 'D:\GitHub\next13-ecommerce-admin\mobile\android\app\build\outputs\apk\androidTest\debug\app-debug-androidTest.apk'
  
  HINT: Try running the detox build command, and make sure it was configured to execute a build command (e.g. './gradlew assembleAndroidTest')
  For further assistance, visit the project setup guide (select the Android tabs): https://wix.github.io/Detox/docs/introduction/project-setup
07:41:54.493 detox[13364] B lifecycle tear down environment
07:41:54.495 detox[13364] B artifacts-manager onBeforeCleanup
  args: ()
07:41:54.498 detox[13364] i artifact:ARTIFACT_SAVE saving FileArtifact to: artifacts\android.att.debug.2026-05-10 02-11-43Z\detox_pid_13364.json.log { append: true }
07:41:54.499 detox[13364] i artifact:ARTIFACT_SAVE saving FileArtifact to: artifacts\android.att.debug.2026-05-10 02-11-43Z\detox_pid_13364.log { append: true }
07:41:54.500 detox[13364] E artifacts-manager onBeforeCleanup
07:41:54.503 detox[13364] i ipc dispatching event to  primary-7376 /tmp/detox.primary-7376  :  deallocateDevice , { deviceCookie: { id: 'emulator-5554', adbName: 'emulator-5554' } }
07:41:54.503 detox[7376] i ws-server tester exited session 1c291fdf-069d-b3f1-c2d4-bcc315b6f69a
07:41:54.504 detox[7376] E ws-server@53252 connection :64362<->:53252
07:41:54.508 detox[7376] i ipc received event of :  deallocateDevice { deviceCookie: { id: 'emulator-5554', adbName: 'emulator-5554' } }
07:41:54.509 detox[7376] B device@1 free: emulator-5554
  data: {}
07:41:54.516 detox[7376] E device@1 free: emulator-5554
07:41:54.517 detox[7376] i ipc dispatching event to socket  :  deallocateDeviceDone {}
07:41:54.519 detox[13364] i ipc ## received events ##
07:41:54.520 detox[13364] i ipc detected event deallocateDeviceDone {}
07:41:54.521 detox[13364] E lifecycle tear down environment
07:41:54.522 detox[13364] E lifecycle e2e\browsePackages.test.js
07:41:54.541 detox[13364] B lifecycle e2e\authFlow.test.js
07:41:54.564 detox[13364] B lifecycle set up environment
07:41:54.567 detox[13364] i ipc dispatching event to  primary-7376 /tmp/detox.primary-7376  :  registerWorker , { workerId: 'w1' }
07:41:54.568 detox[7376] i ipc received event of :  registerWorker { workerId: 'w1' }
07:41:54.570 detox[7376] i ipc dispatching event to socket  :  registerWorkerDone { workersCount: 1 }
07:41:54.572 detox[13364] i ipc ## received events ##
07:41:54.574 detox[13364] i ipc detected event registerWorkerDone { workersCount: 1 }
07:41:54.580 detox[7376] B ws-server@53268 connection :64362<->:53268
07:41:54.581 detox[13364] i ws-client opened web socket to: ws://localhost:64362
07:41:54.583 detox[13364] i ws-client send message
  data: {"type":"login","params":{"sessionId":"1c291fdf-069d-b3f1-c2d4-bcc315b6f69a","role":"tester"},"messageId":0}
07:41:54.585 detox[7376] i ws-server@53268 get
  data: {"type":"login","params":{"sessionId":"1c291fdf-069d-b3f1-c2d4-bcc315b6f69a","role":"tester"},"messageId":0}
07:41:54.586 detox[7376] i ws-server created session 1c291fdf-069d-b3f1-c2d4-bcc315b6f69a
07:41:54.588 detox[7376] i ws-server@53268 send
  data: {
    "type": "loginSuccess",
    "params": {
      "testerConnected": true,
      "appConnected": false
    },
    "messageId": 0
  }
07:41:54.589 detox[7376] i ws-server tester joined session 1c291fdf-069d-b3f1-c2d4-bcc315b6f69a
07:41:54.590 detox[13364] i ws-client get message
  data: {"type":"loginSuccess","params":{"testerConnected":true,"appConnected":false},"messageId":0}
   
07:41:54.592 detox[13364] i ipc dispatching event to  primary-7376 /tmp/detox.primary-7376  :  allocateDevice , {
  deviceConfig: { type: 'android.attached', device: { adbName: '.*' } }
}
07:41:54.594 detox[7376] i ipc received event of :  allocateDevice {
  deviceConfig: { type: 'android.attached', device: { adbName: '.*' } }
}
07:41:54.595 detox[7376] B device@2 allocate
  data: {
    "type": "android.attached",
    "device": {
      "adbName": ".*"
    }
  }
07:41:54.599 detox[7376] i child-process:EXEC_CMD "C:\Users\rusha\AppData\Local\Android\Sdk\platform-tools\adb.EXE"  devices
07:41:54.723 detox[7376] i child-process:EXEC_SUCCESS List of devices attached
emulator-5554	device


07:41:54.725 detox[7376] i device:DEVICE_LOOKUP Found a matching & free device emulator-5554
07:41:54.729 detox[7376] i device settled on emulator-5554
  data: {
    "id": "emulator-5554",
    "adbName": "emulator-5554"
  }
07:41:54.730 detox[7376] E device@2 allocate
07:41:54.730 detox[7376] B device@2 post-allocate: emulator-5554
  data: {
    "id": "emulator-5554",
    "adbName": "emulator-5554"
  }
07:41:54.731 detox[7376] i child-process:EXEC_CMD "C:\Users\rusha\AppData\Local\Android\Sdk\platform-tools\adb.EXE" -s emulator-5554 shell "dumpsys power | grep \"^[ ]*m[UW].*=\""
07:41:55.013 detox[7376] i child-process:EXEC_SUCCESS   mWakefulness=Awake
  mWakefulnessChanging=false
  mUseAutoSuspend=true
  mWakeLockSummary=0x1
  mWakeUpWhenPluggedOrUnpluggedConfig=false
  mWakeUpWhenPluggedOrUnpluggedInTheaterModeConfig=false
  mDreamsBatteryLevelMinimumWhenPoweredConfig=-1
  mDreamsBatteryLevelMinimumWhenNotPoweredConfig=15
  mUserActivityTimeoutOverrideFromWindowManager=-1
  mUserInactiveOverrideFromWindowManager=false
  mUseNormalBrightnessForDoze=false
  mUserId=0
  mWakeUpDelegate=null
mWakeLockSummary=0x1
mWakefulness=1
  mUserInteractionBackoffMillis=60000

07:41:55.014 detox[7376] E device@2 post-allocate: emulator-5554
07:41:55.016 detox[7376] i ipc dispatching event to socket  :  allocateDeviceDone { deviceCookie: { id: 'emulator-5554', adbName: 'emulator-5554' } }
07:41:55.017 detox[13364] i ipc ## received events ##
07:41:55.018 detox[13364] i ipc detected event allocateDeviceDone { deviceCookie: { id: 'emulator-5554', adbName: 'emulator-5554' } }
07:41:55.020 detox[13364] B artifacts-manager onBootDevice
  args: ({"deviceId":"emulator-5554"})
07:41:55.022 detox[13364] E artifacts-manager onBootDevice
07:41:55.023 detox[13364] B device installUtilBinaries
  args: ()
07:41:55.024 detox[13364] E device installUtilBinaries
07:41:55.026 detox[13364] B device selectApp
  args: ("default")
07:41:55.027 detox[13364] E device selectApp
07:41:55.028 detox[13364] B device uninstallApp
  args: ()
07:41:55.029 detox[13364] B artifacts-manager onBeforeUninstallApp
  args: ({"deviceId":"emulator-5554","bundleId":"com.aagamholidays.app"})
07:41:55.030 detox[13364] E artifacts-manager onBeforeUninstallApp
07:41:55.031 detox[13364] i child-process:EXEC_CMD "C:\Users\rusha\AppData\Local\Android\Sdk\platform-tools\adb.EXE" -s emulator-5554 shell "pm list packages com.aagamholidays.app"
07:41:55.336 detox[13364] i child-process:EXEC_SUCCESS 
07:41:55.337 detox[13364] i child-process:EXEC_CMD "C:\Users\rusha\AppData\Local\Android\Sdk\platform-tools\adb.EXE" -s emulator-5554 shell "pm list packages com.aagamholidays.app.test"
07:41:55.719 detox[13364] i child-process:EXEC_SUCCESS 
07:41:55.721 detox[13364] E device uninstallApp
07:41:55.722 detox[13364] B device selectApp
  args: ("default")
07:41:55.724 detox[13364] B device terminateApp
  args: ()
07:41:55.725 detox[13364] B artifacts-manager onBeforeTerminateApp
  args: ({"deviceId":"emulator-5554","bundleId":"com.aagamholidays.app"})
07:41:55.726 detox[13364] E artifacts-manager onBeforeTerminateApp
07:41:55.727 detox[13364] i child-process:EXEC_CMD "C:\Users\rusha\AppData\Local\Android\Sdk\platform-tools\adb.EXE" -s emulator-5554 shell "am force-stop com.aagamholidays.app"
07:41:55.975 detox[13364] i child-process:EXEC_SUCCESS 
07:41:55.976 detox[13364] B artifacts-manager onTerminateApp
  args: ({"deviceId":"emulator-5554","bundleId":"com.aagamholidays.app"})
07:41:55.977 detox[13364] E artifacts-manager onTerminateApp
07:41:55.978 detox[13364] E device terminateApp
07:41:55.979 detox[13364] E device selectApp
07:41:55.980 detox[13364] B device installApp
  args: ()
07:41:55.982 detox[13364] E device installApp
  error: The test APK could not be found at path: 'D:\GitHub\next13-ecommerce-admin\mobile\android\app\build\outputs\apk\androidTest\debug\app-debug-androidTest.apk'
  
  HINT: Try running the detox build command, and make sure it was configured to execute a build command (e.g. './gradlew assembleAndroidTest')
  For further assistance, visit the project setup guide (select the Android tabs): https://wix.github.io/Detox/docs/introduction/project-setup
07:41:55.983 detox[13364] E lifecycle set up environment
  error: The test APK could not be found at path: 'D:\GitHub\next13-ecommerce-admin\mobile\android\app\build\outputs\apk\androidTest\debug\app-debug-androidTest.apk'
  
  HINT: Try running the detox build command, and make sure it was configured to execute a build command (e.g. './gradlew assembleAndroidTest')
  For further assistance, visit the project setup guide (select the Android tabs): https://wix.github.io/Detox/docs/introduction/project-setup
07:41:55.984 detox[13364] B lifecycle tear down environment
07:41:55.986 detox[13364] B artifacts-manager onBeforeCleanup
  args: ()
07:41:55.989 detox[13364] i artifact:ARTIFACT_SAVE saving FileArtifact to: artifacts\android.att.debug.2026-05-10 02-11-43Z\detox_pid_13364.json.log { append: true }
07:41:55.991 detox[13364] i artifact:ARTIFACT_SAVE saving FileArtifact to: artifacts\android.att.debug.2026-05-10 02-11-43Z\detox_pid_13364.log { append: true }
07:41:55.992 detox[13364] E artifacts-manager onBeforeCleanup
07:41:55.994 detox[7376] i ws-server tester exited session 1c291fdf-069d-b3f1-c2d4-bcc315b6f69a
07:41:55.995 detox[13364] i ipc dispatching event to  primary-7376 /tmp/detox.primary-7376  :  deallocateDevice , { deviceCookie: { id: 'emulator-5554', adbName: 'emulator-5554' } }
07:41:55.995 detox[7376] E ws-server@53268 connection :64362<->:53268
07:41:55.996 detox[7376] i ipc received event of :  deallocateDevice { deviceCookie: { id: 'emulator-5554', adbName: 'emulator-5554' } }
07:41:55.997 detox[7376] B device@2 free: emulator-5554
  data: {}
07:41:56.003 detox[7376] E device@2 free: emulator-5554
07:41:56.005 detox[7376] i ipc dispatching event to socket  :  deallocateDeviceDone {}
07:41:56.006 detox[13364] i ipc ## received events ##
07:41:56.007 detox[13364] i ipc detected event deallocateDeviceDone {}
07:41:56.009 detox[13364] E lifecycle tear down environment
07:41:56.010 detox[13364] E lifecycle e2e\authFlow.test.js
07:41:56.028 detox[13364] i ipc dispatching event to  primary-7376 /tmp/detox.primary-7376  :  reportTestResults , {
  testResults: [
    {
      success: false,
      testFilePath: 'D:\\GitHub\\next13-ecommerce-admin\\mobile\\e2e\\profileFlow.test.js',
      testExecError: {
        name: 'DetoxRuntimeError',
        message: "The test APK could not be found at path: 'D:\\GitHub\\next13-ecommerce-admin\\mobile\\android\\app\\build\\outputs\\apk\\androidTest\\debug\\app-debug-androidTest.apk'\n" +
          '\n' +
          "HINT: Try running the detox build command, and make sure it was configured to execute a build command (e.g. './gradlew assembleAndroidTest')\n" +
          'For further assistance, visit the project setup guide (select the Android tabs): https://wix.github.io/Detox/docs/introduction/project-setup',
        stack: "The test APK could not be found at path: 'D:\\GitHub\\next13-ecommerce-admin\\mobile\\android\\app\\build\\outputs\\apk\\androidTest\\debug\\app-debug-androidTest.apk'\n" +
          '\n' +
          "HINT: Try running the detox build command, and make sure it was configured to execute a build command (e.g. './gradlew assembleAndroidTest')\n" +
          'For further assistance, visit the project setup guide (select the Android tabs): https://wix.github.io/Detox/docs/introduction/project-setup\n' +
          '    at createErrorWithUserStack (D:\\GitHub\\next13-ecommerce-admin\\mobile\\node_modules\\detox\\src\\utils\\errorUtils.js:36:27)\n' +
          '    at RuntimeDevice.stackTraceWrapper [as installApp] (D:\\GitHub\\next13-ecommerce-admin\\mobile\\node_modules\\detox\\src\\utils\\wrapWithStackTraceCutter.js:9:34)\n' +
          '    at DetoxWorker._reinstallAppsOnDevice (D:\\GitHub\\next13-ecommerce-admin\\mobile\\node_modules\\detox\\src\\DetoxWorker.js:299:25)\n' +
          '    at _reinstallAppsOnDevice.next (<anonymous>)\n' +
          '    at getNextResult (D:\\GitHub\\next13-ecommerce-admin\\mobile\\node_modules\\caf\\src\\caf.js:253:25)\n' +
          '    at processTicksAndRejections (node:internal/process/task_queues:105:5)'
      },
      isPermanentFailure: false
    },
    {
      success: false,
      testFilePath: 'D:\\GitHub\\next13-ecommerce-admin\\mobile\\e2e\\browsePackages.test.js',
      testExecError: {
        name: 'DetoxRuntimeError',
        message: "The test APK could not be found at path: 'D:\\GitHub\\next13-ecommerce-admin\\mobile\\android\\app\\build\\outputs\\apk\\androidTest\\debug\\app-debug-androidTest.apk'\n" +
          '\n' +
          "HINT: Try running the detox build command, and make sure it was configured to execute a build command (e.g. './gradlew assembleAndroidTest')\n" +
          'For further assistance, visit the project setup guide (select the Android tabs): https://wix.github.io/Detox/docs/introduction/project-setup',
        stack: "The test APK could not be found at path: 'D:\\GitHub\\next13-ecommerce-admin\\mobile\\android\\app\\build\\outputs\\apk\\androidTest\\debug\\app-debug-androidTest.apk'\n" +
          '\n' +
          "HINT: Try running the detox build command, and make sure it was configured to execute a build command (e.g. './gradlew assembleAndroidTest')\n" +
          'For further assistance, visit the project setup guide (select the Android tabs): https://wix.github.io/Detox/docs/introduction/project-setup\n' +
          '    at createErrorWithUserStack (D:\\GitHub\\next13-ecommerce-admin\\mobile\\node_modules\\detox\\src\\utils\\errorUtils.js:36:27)\n' +
          '    at RuntimeDevice.stackTraceWrapper [as installApp] (D:\\GitHub\\next13-ecommerce-admin\\mobile\\node_modules\\detox\\src\\utils\\wrapWithStackTraceCutter.js:9:34)\n' +
          '    at DetoxWorker._reinstallAppsOnDevice (D:\\GitHub\\next13-ecommerce-admin\\mobile\\node_modules\\detox\\src\\DetoxWorker.js:299:25)\n' +
          '    at _reinstallAppsOnDevice.next (<anonymous>)\n' +
          '    at getNextResult (D:\\GitHub\\next13-ecommerce-admin\\mobile\\node_modules\\caf\\src\\caf.js:253:25)\n' +
          '    at processTicksAndRejections (node:internal/process/task_queues:105:5)'
      },
      isPermanentFailure: false
    },
    {
      success: false,
      testFilePath: 'D:\\GitHub\\next13-ecommerce-admin\\mobile\\e2e\\authFlow.test.js',
      testExecError: {
        name: 'DetoxRuntimeError',
        message: "The test APK could not be found at path: 'D:\\GitHub\\next13-ecommerce-admin\\mobile\\android\\app\\build\\outputs\\apk\\androidTest\\debug\\app-debug-androidTest.apk'\n" +
          '\n' +
          "HINT: Try running the detox build command, and make sure it was configured to execute a build command (e.g. './gradlew assembleAndroidTest')\n" +
          'For further assistance, visit the project setup guide (select the Android tabs): https://wix.github.io/Detox/docs/introduction/project-setup',
        stack: "The test APK could not be found at path: 'D:\\GitHub\\next13-ecommerce-admin\\mobile\\android\\app\\build\\outputs\\apk\\androidTest\\debug\\app-debug-androidTest.apk'\n" +
          '\n' +
          "HINT: Try running the detox build command, and make sure it was configured to execute a build command (e.g. './gradlew assembleAndroidTest')\n" +
          'For further assistance, visit the project setup guide (select the Android tabs): https://wix.github.io/Detox/docs/introduction/project-setup\n' +
          '    at createErrorWithUserStack (D:\\GitHub\\next13-ecommerce-admin\\mobile\\node_modules\\detox\\src\\utils\\errorUtils.js:36:27)\n' +
          '    at RuntimeDevice.stackTraceWrapper [as installApp] (D:\\GitHub\\next13-ecommerce-admin\\mobile\\node_modules\\detox\\src\\utils\\wrapWithStackTraceCutter.js:9:34)\n' +
          '    at DetoxWorker._reinstallAppsOnDevice (D:\\GitHub\\next13-ecommerce-admin\\mobile\\node_modules\\detox\\src\\DetoxWorker.js:299:25)\n' +
          '    at _reinstallAppsOnDevice.next (<anonymous>)\n' +
          '    at getNextResult (D:\\GitHub\\next13-ecommerce-admin\\mobile\\node_modules\\caf\\src\\caf.js:253:25)\n' +
          '    at processTicksAndRejections (node:internal/process/task_queues:105:5)'
      },
      isPermanentFailure: false
    }
  ]
}
07:41:56.032 detox[7376] i ipc received event of :  reportTestResults {
  testResults: [
    {
      success: false,
      testFilePath: 'D:\\GitHub\\next13-ecommerce-admin\\mobile\\e2e\\profileFlow.test.js',
      testExecError: {
        name: 'DetoxRuntimeError',
        message: "The test APK could not be found at path: 'D:\\GitHub\\next13-ecommerce-admin\\mobile\\android\\app\\build\\outputs\\apk\\androidTest\\debug\\app-debug-androidTest.apk'\n" +
          '\n' +
          "HINT: Try running the detox build command, and make sure it was configured to execute a build command (e.g. './gradlew assembleAndroidTest')\n" +
          'For further assistance, visit the project setup guide (select the Android tabs): https://wix.github.io/Detox/docs/introduction/project-setup',
        stack: "The test APK could not be found at path: 'D:\\GitHub\\next13-ecommerce-admin\\mobile\\android\\app\\build\\outputs\\apk\\androidTest\\debug\\app-debug-androidTest.apk'\n" +
          '\n' +
          "HINT: Try running the detox build command, and make sure it was configured to execute a build command (e.g. './gradlew assembleAndroidTest')\n" +
          'For further assistance, visit the project setup guide (select the Android tabs): https://wix.github.io/Detox/docs/introduction/project-setup\n' +
          '    at createErrorWithUserStack (D:\\GitHub\\next13-ecommerce-admin\\mobile\\node_modules\\detox\\src\\utils\\errorUtils.js:36:27)\n' +
          '    at RuntimeDevice.stackTraceWrapper [as installApp] (D:\\GitHub\\next13-ecommerce-admin\\mobile\\node_modules\\detox\\src\\utils\\wrapWithStackTraceCutter.js:9:34)\n' +
          '    at DetoxWorker._reinstallAppsOnDevice (D:\\GitHub\\next13-ecommerce-admin\\mobile\\node_modules\\detox\\src\\DetoxWorker.js:299:25)\n' +
          '    at _reinstallAppsOnDevice.next (<anonymous>)\n' +
          '    at getNextResult (D:\\GitHub\\next13-ecommerce-admin\\mobile\\node_modules\\caf\\src\\caf.js:253:25)\n' +
          '    at processTicksAndRejections (node:internal/process/task_queues:105:5)'
      },
      isPermanentFailure: false
    },
    {
      success: false,
      testFilePath: 'D:\\GitHub\\next13-ecommerce-admin\\mobile\\e2e\\browsePackages.test.js',
      testExecError: {
        name: 'DetoxRuntimeError',
        message: "The test APK could not be found at path: 'D:\\GitHub\\next13-ecommerce-admin\\mobile\\android\\app\\build\\outputs\\apk\\androidTest\\debug\\app-debug-androidTest.apk'\n" +
          '\n' +
          "HINT: Try running the detox build command, and make sure it was configured to execute a build command (e.g. './gradlew assembleAndroidTest')\n" +
          'For further assistance, visit the project setup guide (select the Android tabs): https://wix.github.io/Detox/docs/introduction/project-setup',
        stack: "The test APK could not be found at path: 'D:\\GitHub\\next13-ecommerce-admin\\mobile\\android\\app\\build\\outputs\\apk\\androidTest\\debug\\app-debug-androidTest.apk'\n" +
          '\n' +
          "HINT: Try running the detox build command, and make sure it was configured to execute a build command (e.g. './gradlew assembleAndroidTest')\n" +
          'For further assistance, visit the project setup guide (select the Android tabs): https://wix.github.io/Detox/docs/introduction/project-setup\n' +
          '    at createErrorWithUserStack (D:\\GitHub\\next13-ecommerce-admin\\mobile\\node_modules\\detox\\src\\utils\\errorUtils.js:36:27)\n' +
          '    at RuntimeDevice.stackTraceWrapper [as installApp] (D:\\GitHub\\next13-ecommerce-admin\\mobile\\node_modules\\detox\\src\\utils\\wrapWithStackTraceCutter.js:9:34)\n' +
          '    at DetoxWorker._reinstallAppsOnDevice (D:\\GitHub\\next13-ecommerce-admin\\mobile\\node_modules\\detox\\src\\DetoxWorker.js:299:25)\n' +
          '    at _reinstallAppsOnDevice.next (<anonymous>)\n' +
          '    at getNextResult (D:\\GitHub\\next13-ecommerce-admin\\mobile\\node_modules\\caf\\src\\caf.js:253:25)\n' +
          '    at processTicksAndRejections (node:internal/process/task_queues:105:5)'
      },
      isPermanentFailure: false
    },
    {
      success: false,
      testFilePath: 'D:\\GitHub\\next13-ecommerce-admin\\mobile\\e2e\\authFlow.test.js',
      testExecError: {
        name: 'DetoxRuntimeError',
        message: "The test APK could not be found at path: 'D:\\GitHub\\next13-ecommerce-admin\\mobile\\android\\app\\build\\outputs\\apk\\androidTest\\debug\\app-debug-androidTest.apk'\n" +
          '\n' +
          "HINT: Try running the detox build command, and make sure it was configured to execute a build command (e.g. './gradlew assembleAndroidTest')\n" +
          'For further assistance, visit the project setup guide (select the Android tabs): https://wix.github.io/Detox/docs/introduction/project-setup',
        stack: "The test APK could not be found at path: 'D:\\GitHub\\next13-ecommerce-admin\\mobile\\android\\app\\build\\outputs\\apk\\androidTest\\debug\\app-debug-androidTest.apk'\n" +
          '\n' +
          "HINT: Try running the detox build command, and make sure it was configured to execute a build command (e.g. './gradlew assembleAndroidTest')\n" +
          'For further assistance, visit the project setup guide (select the Android tabs): https://wix.github.io/Detox/docs/introduction/project-setup\n' +
          '    at createErrorWithUserStack (D:\\GitHub\\next13-ecommerce-admin\\mobile\\node_modules\\detox\\src\\utils\\errorUtils.js:36:27)\n' +
          '    at RuntimeDevice.stackTraceWrapper [as installApp] (D:\\GitHub\\next13-ecommerce-admin\\mobile\\node_modules\\detox\\src\\utils\\wrapWithStackTraceCutter.js:9:34)\n' +
          '    at DetoxWorker._reinstallAppsOnDevice (D:\\GitHub\\next13-ecommerce-admin\\mobile\\node_modules\\detox\\src\\DetoxWorker.js:299:25)\n' +
          '    at _reinstallAppsOnDevice.next (<anonymous>)\n' +
          '    at getNextResult (D:\\GitHub\\next13-ecommerce-admin\\mobile\\node_modules\\caf\\src\\caf.js:253:25)\n' +
          '    at processTicksAndRejections (node:internal/process/task_queues:105:5)'
      },
      isPermanentFailure: false
    }
  ]
}
07:41:56.034 detox[7376] i ipc dispatching event to socket  :  reportTestResultsDone {
  testResults: [
    {
      success: false,
      testFilePath: 'D:\\GitHub\\next13-ecommerce-admin\\mobile\\e2e\\profileFlow.test.js',
      testExecError: {
        name: 'DetoxRuntimeError',
        message: "The test APK could not be found at path: 'D:\\GitHub\\next13-ecommerce-admin\\mobile\\android\\app\\build\\outputs\\apk\\androidTest\\debug\\app-debug-androidTest.apk'\n" +
          '\n' +
          "HINT: Try running the detox build command, and make sure it was configured to execute a build command (e.g. './gradlew assembleAndroidTest')\n" +
          'For further assistance, visit the project setup guide (select the Android tabs): https://wix.github.io/Detox/docs/introduction/project-setup',
        stack: "The test APK could not be found at path: 'D:\\GitHub\\next13-ecommerce-admin\\mobile\\android\\app\\build\\outputs\\apk\\androidTest\\debug\\app-debug-androidTest.apk'\n" +
          '\n' +
          "HINT: Try running the detox build command, and make sure it was configured to execute a build command (e.g. './gradlew assembleAndroidTest')\n" +
          'For further assistance, visit the project setup guide (select the Android tabs): https://wix.github.io/Detox/docs/introduction/project-setup\n' +
          '    at createErrorWithUserStack (D:\\GitHub\\next13-ecommerce-admin\\mobile\\node_modules\\detox\\src\\utils\\errorUtils.js:36:27)\n' +
          '    at RuntimeDevice.stackTraceWrapper [as installApp] (D:\\GitHub\\next13-ecommerce-admin\\mobile\\node_modules\\detox\\src\\utils\\wrapWithStackTraceCutter.js:9:34)\n' +
          '    at DetoxWorker._reinstallAppsOnDevice (D:\\GitHub\\next13-ecommerce-admin\\mobile\\node_modules\\detox\\src\\DetoxWorker.js:299:25)\n' +
          '    at _reinstallAppsOnDevice.next (<anonymous>)\n' +
          '    at getNextResult (D:\\GitHub\\next13-ecommerce-admin\\mobile\\node_modules\\caf\\src\\caf.js:253:25)\n' +
          '    at processTicksAndRejections (node:internal/process/task_queues:105:5)'
      },
      isPermanentFailure: false
    },
    {
      success: false,
      testFilePath: 'D:\\GitHub\\next13-ecommerce-admin\\mobile\\e2e\\browsePackages.test.js',
      testExecError: {
        name: 'DetoxRuntimeError',
        message: "The test APK could not be found at path: 'D:\\GitHub\\next13-ecommerce-admin\\mobile\\android\\app\\build\\outputs\\apk\\androidTest\\debug\\app-debug-androidTest.apk'\n" +
          '\n' +
          "HINT: Try running the detox build command, and make sure it was configured to execute a build command (e.g. './gradlew assembleAndroidTest')\n" +
          'For further assistance, visit the project setup guide (select the Android tabs): https://wix.github.io/Detox/docs/introduction/project-setup',
        stack: "The test APK could not be found at path: 'D:\\GitHub\\next13-ecommerce-admin\\mobile\\android\\app\\build\\outputs\\apk\\androidTest\\debug\\app-debug-androidTest.apk'\n" +
          '\n' +
          "HINT: Try running the detox build command, and make sure it was configured to execute a build command (e.g. './gradlew assembleAndroidTest')\n" +
          'For further assistance, visit the project setup guide (select the Android tabs): https://wix.github.io/Detox/docs/introduction/project-setup\n' +
          '    at createErrorWithUserStack (D:\\GitHub\\next13-ecommerce-admin\\mobile\\node_modules\\detox\\src\\utils\\errorUtils.js:36:27)\n' +
          '    at RuntimeDevice.stackTraceWrapper [as installApp] (D:\\GitHub\\next13-ecommerce-admin\\mobile\\node_modules\\detox\\src\\utils\\wrapWithStackTraceCutter.js:9:34)\n' +
          '    at DetoxWorker._reinstallAppsOnDevice (D:\\GitHub\\next13-ecommerce-admin\\mobile\\node_modules\\detox\\src\\DetoxWorker.js:299:25)\n' +
          '    at _reinstallAppsOnDevice.next (<anonymous>)\n' +
          '    at getNextResult (D:\\GitHub\\next13-ecommerce-admin\\mobile\\node_modules\\caf\\src\\caf.js:253:25)\n' +
          '    at processTicksAndRejections (node:internal/process/task_queues:105:5)'
      },
      isPermanentFailure: false
    },
    {
      success: false,
      testFilePath: 'D:\\GitHub\\next13-ecommerce-admin\\mobile\\e2e\\authFlow.test.js',
      testExecError: {
        name: 'DetoxRuntimeError',
        message: "The test APK could not be found at path: 'D:\\GitHub\\next13-ecommerce-admin\\mobile\\android\\app\\build\\outputs\\apk\\androidTest\\debug\\app-debug-androidTest.apk'\n" +
          '\n' +
          "HINT: Try running the detox build command, and make sure it was configured to execute a build command (e.g. './gradlew assembleAndroidTest')\n" +
          'For further assistance, visit the project setup guide (select the Android tabs): https://wix.github.io/Detox/docs/introduction/project-setup',
        stack: "The test APK could not be found at path: 'D:\\GitHub\\next13-ecommerce-admin\\mobile\\android\\app\\build\\outputs\\apk\\androidTest\\debug\\app-debug-androidTest.apk'\n" +
          '\n' +
          "HINT: Try running the detox build command, and make sure it was configured to execute a build command (e.g. './gradlew assembleAndroidTest')\n" +
          'For further assistance, visit the project setup guide (select the Android tabs): https://wix.github.io/Detox/docs/introduction/project-setup\n' +
          '    at createErrorWithUserStack (D:\\GitHub\\next13-ecommerce-admin\\mobile\\node_modules\\detox\\src\\utils\\errorUtils.js:36:27)\n' +
          '    at RuntimeDevice.stackTraceWrapper [as installApp] (D:\\GitHub\\next13-ecommerce-admin\\mobile\\node_modules\\detox\\src\\utils\\wrapWithStackTraceCutter.js:9:34)\n' +
          '    at DetoxWorker._reinstallAppsOnDevice (D:\\GitHub\\next13-ecommerce-admin\\mobile\\node_modules\\detox\\src\\DetoxWorker.js:299:25)\n' +
          '    at _reinstallAppsOnDevice.next (<anonymous>)\n' +
          '    at getNextResult (D:\\GitHub\\next13-ecommerce-admin\\mobile\\node_modules\\caf\\src\\caf.js:253:25)\n' +
          '    at processTicksAndRejections (node:internal/process/task_queues:105:5)'
      },
      isPermanentFailure: false
    }
  ]
}
07:41:56.036 detox[13364] i ipc ## received events ##
07:41:56.036 detox[7376] i ipc broadcasting event to all known sockets listening to  \\.\pipe\tmp-detox.primary-7376  :   sessionStateUpdate {
  testResults: [
    {
      success: false,
      testFilePath: 'D:\\GitHub\\next13-ecommerce-admin\\mobile\\e2e\\profileFlow.test.js',
      testExecError: {
        name: 'DetoxRuntimeError',
        message: "The test APK could not be found at path: 'D:\\GitHub\\next13-ecommerce-admin\\mobile\\android\\app\\build\\outputs\\apk\\androidTest\\debug\\app-debug-androidTest.apk'\n" +
          '\n' +
          "HINT: Try running the detox build command, and make sure it was configured to execute a build command (e.g. './gradlew assembleAndroidTest')\n" +
          'For further assistance, visit the project setup guide (select the Android tabs): https://wix.github.io/Detox/docs/introduction/project-setup',
        stack: "The test APK could not be found at path: 'D:\\GitHub\\next13-ecommerce-admin\\mobile\\android\\app\\build\\outputs\\apk\\androidTest\\debug\\app-debug-androidTest.apk'\n" +
          '\n' +
          "HINT: Try running the detox build command, and make sure it was configured to execute a build command (e.g. './gradlew assembleAndroidTest')\n" +
          'For further assistance, visit the project setup guide (select the Android tabs): https://wix.github.io/Detox/docs/introduction/project-setup\n' +
          '    at createErrorWithUserStack (D:\\GitHub\\next13-ecommerce-admin\\mobile\\node_modules\\detox\\src\\utils\\errorUtils.js:36:27)\n' +
          '    at RuntimeDevice.stackTraceWrapper [as installApp] (D:\\GitHub\\next13-ecommerce-admin\\mobile\\node_modules\\detox\\src\\utils\\wrapWithStackTraceCutter.js:9:34)\n' +
          '    at DetoxWorker._reinstallAppsOnDevice (D:\\GitHub\\next13-ecommerce-admin\\mobile\\node_modules\\detox\\src\\DetoxWorker.js:299:25)\n' +
          '    at _reinstallAppsOnDevice.next (<anonymous>)\n' +
          '    at getNextResult (D:\\GitHub\\next13-ecommerce-admin\\mobile\\node_modules\\caf\\src\\caf.js:253:25)\n' +
          '    at processTicksAndRejections (node:internal/process/task_queues:105:5)'
      },
      isPermanentFailure: false
    },
    {
      success: false,
      testFilePath: 'D:\\GitHub\\next13-ecommerce-admin\\mobile\\e2e\\browsePackages.test.js',
      testExecError: {
        name: 'DetoxRuntimeError',
        message: "The test APK could not be found at path: 'D:\\GitHub\\next13-ecommerce-admin\\mobile\\android\\app\\build\\outputs\\apk\\androidTest\\debug\\app-debug-androidTest.apk'\n" +
          '\n' +
          "HINT: Try running the detox build command, and make sure it was configured to execute a build command (e.g. './gradlew assembleAndroidTest')\n" +
          'For further assistance, visit the project setup guide (select the Android tabs): https://wix.github.io/Detox/docs/introduction/project-setup',
        stack: "The test APK could not be found at path: 'D:\\GitHub\\next13-ecommerce-admin\\mobile\\android\\app\\build\\outputs\\apk\\androidTest\\debug\\app-debug-androidTest.apk'\n" +
          '\n' +
          "HINT: Try running the detox build command, and make sure it was configured to execute a build command (e.g. './gradlew assembleAndroidTest')\n" +
          'For further assistance, visit the project setup guide (select the Android tabs): https://wix.github.io/Detox/docs/introduction/project-setup\n' +
          '    at createErrorWithUserStack (D:\\GitHub\\next13-ecommerce-admin\\mobile\\node_modules\\detox\\src\\utils\\errorUtils.js:36:27)\n' +
          '    at RuntimeDevice.stackTraceWrapper [as installApp] (D:\\GitHub\\next13-ecommerce-admin\\mobile\\node_modules\\detox\\src\\utils\\wrapWithStackTraceCutter.js:9:34)\n' +
          '    at DetoxWorker._reinstallAppsOnDevice (D:\\GitHub\\next13-ecommerce-admin\\mobile\\node_modules\\detox\\src\\DetoxWorker.js:299:25)\n' +
          '    at _reinstallAppsOnDevice.next (<anonymous>)\n' +
          '    at getNextResult (D:\\GitHub\\next13-ecommerce-admin\\mobile\\node_modules\\caf\\src\\caf.js:253:25)\n' +
          '    at processTicksAndRejections (node:internal/process/task_queues:105:5)'
      },
      isPermanentFailure: false
    },
    {
      success: false,
      testFilePath: 'D:\\GitHub\\next13-ecommerce-admin\\mobile\\e2e\\authFlow.test.js',
      testExecError: {
        name: 'DetoxRuntimeError',
        message: "The test APK could not be found at path: 'D:\\GitHub\\next13-ecommerce-admin\\mobile\\android\\app\\build\\outputs\\apk\\androidTest\\debug\\app-debug-androidTest.apk'\n" +
          '\n' +
          "HINT: Try running the detox build command, and make sure it was configured to execute a build command (e.g. './gradlew assembleAndroidTest')\n" +
          'For further assistance, visit the project setup guide (select the Android tabs): https://wix.github.io/Detox/docs/introduction/project-setup',
        stack: "The test APK could not be found at path: 'D:\\GitHub\\next13-ecommerce-admin\\mobile\\android\\app\\build\\outputs\\apk\\androidTest\\debug\\app-debug-androidTest.apk'\n" +
          '\n' +
          "HINT: Try running the detox build command, and make sure it was configured to execute a build command (e.g. './gradlew assembleAndroidTest')\n" +
          'For further assistance, visit the project setup guide (select the Android tabs): https://wix.github.io/Detox/docs/introduction/project-setup\n' +
          '    at createErrorWithUserStack (D:\\GitHub\\next13-ecommerce-admin\\mobile\\node_modules\\detox\\src\\utils\\errorUtils.js:36:27)\n' +
          '    at RuntimeDevice.stackTraceWrapper [as installApp] (D:\\GitHub\\next13-ecommerce-admin\\mobile\\node_modules\\detox\\src\\utils\\wrapWithStackTraceCutter.js:9:34)\n' +
          '    at DetoxWorker._reinstallAppsOnDevice (D:\\GitHub\\next13-ecommerce-admin\\mobile\\node_modules\\detox\\src\\DetoxWorker.js:299:25)\n' +
          '    at _reinstallAppsOnDevice.next (<anonymous>)\n' +
          '    at getNextResult (D:\\GitHub\\next13-ecommerce-admin\\mobile\\node_modules\\caf\\src\\caf.js:253:25)\n' +
          '    at processTicksAndRejections (node:internal/process/task_queues:105:5)'
      },
      isPermanentFailure: false
    }
  ]
}
07:41:56.037 detox[13364] i ipc detected event reportTestResultsDone {
  testResults: [
    {
      success: false,
      testFilePath: 'D:\\GitHub\\next13-ecommerce-admin\\mobile\\e2e\\profileFlow.test.js',
      testExecError: {
        name: 'DetoxRuntimeError',
        message: "The test APK could not be found at path: 'D:\\GitHub\\next13-ecommerce-admin\\mobile\\android\\app\\build\\outputs\\apk\\androidTest\\debug\\app-debug-androidTest.apk'\n" +
          '\n' +
          "HINT: Try running the detox build command, and make sure it was configured to execute a build command (e.g. './gradlew assembleAndroidTest')\n" +
          'For further assistance, visit the project setup guide (select the Android tabs): https://wix.github.io/Detox/docs/introduction/project-setup',
        stack: "The test APK could not be found at path: 'D:\\GitHub\\next13-ecommerce-admin\\mobile\\android\\app\\build\\outputs\\apk\\androidTest\\debug\\app-debug-androidTest.apk'\n" +
          '\n' +
          "HINT: Try running the detox build command, and make sure it was configured to execute a build command (e.g. './gradlew assembleAndroidTest')\n" +
          'For further assistance, visit the project setup guide (select the Android tabs): https://wix.github.io/Detox/docs/introduction/project-setup\n' +
          '    at createErrorWithUserStack (D:\\GitHub\\next13-ecommerce-admin\\mobile\\node_modules\\detox\\src\\utils\\errorUtils.js:36:27)\n' +
          '    at RuntimeDevice.stackTraceWrapper [as installApp] (D:\\GitHub\\next13-ecommerce-admin\\mobile\\node_modules\\detox\\src\\utils\\wrapWithStackTraceCutter.js:9:34)\n' +
          '    at DetoxWorker._reinstallAppsOnDevice (D:\\GitHub\\next13-ecommerce-admin\\mobile\\node_modules\\detox\\src\\DetoxWorker.js:299:25)\n' +
          '    at _reinstallAppsOnDevice.next (<anonymous>)\n' +
          '    at getNextResult (D:\\GitHub\\next13-ecommerce-admin\\mobile\\node_modules\\caf\\src\\caf.js:253:25)\n' +
          '    at processTicksAndRejections (node:internal/process/task_queues:105:5)'
      },
      isPermanentFailure: false
    },
    {
      success: false,
      testFilePath: 'D:\\GitHub\\next13-ecommerce-admin\\mobile\\e2e\\browsePackages.test.js',
      testExecError: {
        name: 'DetoxRuntimeError',
        message: "The test APK could not be found at path: 'D:\\GitHub\\next13-ecommerce-admin\\mobile\\android\\app\\build\\outputs\\apk\\androidTest\\debug\\app-debug-androidTest.apk'\n" +
          '\n' +
          "HINT: Try running the detox build command, and make sure it was configured to execute a build command (e.g. './gradlew assembleAndroidTest')\n" +
          'For further assistance, visit the project setup guide (select the Android tabs): https://wix.github.io/Detox/docs/introduction/project-setup',
        stack: "The test APK could not be found at path: 'D:\\GitHub\\next13-ecommerce-admin\\mobile\\android\\app\\build\\outputs\\apk\\androidTest\\debug\\app-debug-androidTest.apk'\n" +
          '\n' +
          "HINT: Try running the detox build command, and make sure it was configured to execute a build command (e.g. './gradlew assembleAndroidTest')\n" +
          'For further assistance, visit the project setup guide (select the Android tabs): https://wix.github.io/Detox/docs/introduction/project-setup\n' +
          '    at createErrorWithUserStack (D:\\GitHub\\next13-ecommerce-admin\\mobile\\node_modules\\detox\\src\\utils\\errorUtils.js:36:27)\n' +
          '    at RuntimeDevice.stackTraceWrapper [as installApp] (D:\\GitHub\\next13-ecommerce-admin\\mobile\\node_modules\\detox\\src\\utils\\wrapWithStackTraceCutter.js:9:34)\n' +
          '    at DetoxWorker._reinstallAppsOnDevice (D:\\GitHub\\next13-ecommerce-admin\\mobile\\node_modules\\detox\\src\\DetoxWorker.js:299:25)\n' +
          '    at _reinstallAppsOnDevice.next (<anonymous>)\n' +
          '    at getNextResult (D:\\GitHub\\next13-ecommerce-admin\\mobile\\node_modules\\caf\\src\\caf.js:253:25)\n' +
          '    at processTicksAndRejections (node:internal/process/task_queues:105:5)'
      },
      isPermanentFailure: false
    },
    {
      success: false,
      testFilePath: 'D:\\GitHub\\next13-ecommerce-admin\\mobile\\e2e\\authFlow.test.js',
      testExecError: {
        name: 'DetoxRuntimeError',
        message: "The test APK could not be found at path: 'D:\\GitHub\\next13-ecommerce-admin\\mobile\\android\\app\\build\\outputs\\apk\\androidTest\\debug\\app-debug-androidTest.apk'\n" +
          '\n' +
          "HINT: Try running the detox build command, and make sure it was configured to execute a build command (e.g. './gradlew assembleAndroidTest')\n" +
          'For further assistance, visit the project setup guide (select the Android tabs): https://wix.github.io/Detox/docs/introduction/project-setup',
        stack: "The test APK could not be found at path: 'D:\\GitHub\\next13-ecommerce-admin\\mobile\\android\\app\\build\\outputs\\apk\\androidTest\\debug\\app-debug-androidTest.apk'\n" +
          '\n' +
          "HINT: Try running the detox build command, and make sure it was configured to execute a build command (e.g. './gradlew assembleAndroidTest')\n" +
          'For further assistance, visit the project setup guide (select the Android tabs): https://wix.github.io/Detox/docs/introduction/project-setup\n' +
          '    at createErrorWithUserStack (D:\\GitHub\\next13-ecommerce-admin\\mobile\\node_modules\\detox\\src\\utils\\errorUtils.js:36:27)\n' +
          '    at RuntimeDevice.stackTraceWrapper [as installApp] (D:\\GitHub\\next13-ecommerce-admin\\mobile\\node_modules\\detox\\src\\utils\\wrapWithStackTraceCutter.js:9:34)\n' +
          '    at DetoxWorker._reinstallAppsOnDevice (D:\\GitHub\\next13-ecommerce-admin\\mobile\\node_modules\\detox\\src\\DetoxWorker.js:299:25)\n' +
          '    at _reinstallAppsOnDevice.next (<anonymous>)\n' +
          '    at getNextResult (D:\\GitHub\\next13-ecommerce-admin\\mobile\\node_modules\\caf\\src\\caf.js:253:25)\n' +
          '    at processTicksAndRejections (node:internal/process/task_queues:105:5)'
      },
      isPermanentFailure: false
    }
  ]
}
07:41:56.046 detox[13364] i ipc connection closed primary-7376 /tmp/detox.primary-7376 0 tries remaining of 0
07:41:56.046 detox[7376] i ipc socket disconnected secondary-13364
07:41:56.047 detox[13364] i ipc secondary-13364 exceeded connection rety amount of  or stopRetrying flag set.
07:41:56.101 detox[7376] E lifecycle Command failed with exit code = 1:
jest --config e2e/jest.config.js e2e
07:41:56.103 detox[7376] B device cleanup
  args: ()
07:41:56.104 detox[7376] E device cleanup
07:41:56.109 detox[7376] i ws-server Detox server has been closed gracefully
07:41:56.114 detox[7376] E lifecycle node_modules\detox\local-cli\cli.js test --configuration android.att.debug
